<eResourceEntry  timestamp='1361378556037' resUri='platform:/resource/ovinger/jex/ov5.jex' key='resource selected' value='null'/>
<eObjectEntry  timestamp='1361378557773' resUri='platform:/resource/ovinger/jex/ov5.jex' fragmentId='//@javaElements.0/@classes.0' key='junit test launch' value='AllTests'/>
<eObjectEntry  timestamp='1361378593530' resUri='platform:/resource/ovinger/jex/ov5.jex' fragmentId='//@javaElements.0/@classes.0' key='junit test launch' value='AllTests'/>
<eObjectEntry  timestamp='1361378594579' resUri='platform:/resource/ovinger/jex/ov5.jex' fragmentId='//@requirements.0/@requirements.0/@requirements.3' key='test run status' value='true'/>
<eObjectEntry  timestamp='1361378594589' resUri='platform:/resource/ovinger/jex/ov5.jex' fragmentId='//@requirements.0/@requirements.0/@requirements.4' key='test run status' value='true'/>
<eObjectEntry  timestamp='1361378594597' resUri='platform:/resource/ovinger/jex/ov5.jex' fragmentId='//@requirements.0/@requirements.0/@requirements.7' key='test run status' value='false'/>
<eObjectEntry  timestamp='1361378594606' resUri='platform:/resource/ovinger/jex/ov5.jex' fragmentId='//@requirements.1/@requirements.0/@requirements.8' key='test run status' value='false'/>
<eObjectEntry  timestamp='1361378594614' resUri='platform:/resource/ovinger/jex/ov5.jex' fragmentId='//@requirements.1/@requirements.0/@requirements.9' key='test run status' value='false'/>
<eObjectEntry  timestamp='1361378594653' resUri='platform:/resource/ovinger/jex/ov5.jex' fragmentId='//@requirements.1/@requirements.0/@requirements.10' key='test run status' value='false'/>
<eObjectEntry  timestamp='1361378594684' resUri='platform:/resource/ovinger/jex/ov5.jex' fragmentId='//@requirements.1/@requirements.0/@requirements.11' key='test run status' value='false'/>
<eObjectEntry  timestamp='1361378594718' resUri='platform:/resource/ovinger/jex/ov5.jex' fragmentId='//@requirements.1/@requirements.0/@requirements.12' key='test run status' value='false'/>
<eObjectEntry  timestamp='1361378594723' resUri='platform:/resource/ovinger/jex/ov5.jex' fragmentId='//@requirements.2/@requirements.0/@requirements.2' key='test run status' value='false'/>
<eObjectEntry  timestamp='1361378594728' resUri='platform:/resource/ovinger/jex/ov5.jex' fragmentId='//@requirements.2/@requirements.0/@requirements.3' key='test run status' value='false'/>
<eObjectEntry  timestamp='1361378594759' resUri='platform:/resource/ovinger/jex/ov5.jex' fragmentId='//@requirements.2/@requirements.0/@requirements.5' key='test run status' value='false'/>
<eObjectEntry  timestamp='1361378594781' resUri='platform:/resource/ovinger/jex/ov5.jex' fragmentId='//@requirements.3/@requirements.0/@requirements.4' key='test run status' value='false'/>
<eObjectEntry  timestamp='1361378594787' resUri='platform:/resource/ovinger/jex/ov5.jex' fragmentId='//@requirements.3/@requirements.0/@requirements.5' key='test run status' value='false'/>
<eObjectEntry  timestamp='1361378594794' resUri='platform:/resource/ovinger/jex/ov5.jex' fragmentId='//@requirements.3/@requirements.1/@requirements.3' key='test run status' value='false'/>
<eObjectEntry  timestamp='1361378594799' resUri='platform:/resource/ovinger/jex/ov5.jex' fragmentId='//@requirements.3/@requirements.1/@requirements.4' key='test run status' value='false'/>
<eObjectEntry  timestamp='1361378594816' resUri='platform:/resource/ovinger/jex/ov5.jex' fragmentId='//@requirements.3/@requirements.1/@requirements.6' key='test run status' value='false'/>
<eObjectEntry  timestamp='1361378648372' resUri='platform:/resource/ovinger/jex/ov5.jex' fragmentId='//@javaElements.0/@classes.0' key='junit test launch' value='AllTests'/>
<eObjectEntry  timestamp='1361378649286' resUri='platform:/resource/ovinger/jex/ov5.jex' fragmentId='//@requirements.0/@requirements.0/@requirements.3' key='test run status' value='true'/>
<eObjectEntry  timestamp='1361378649290' resUri='platform:/resource/ovinger/jex/ov5.jex' fragmentId='//@requirements.0/@requirements.0/@requirements.4' key='test run status' value='true'/>
<eObjectEntry  timestamp='1361378649294' resUri='platform:/resource/ovinger/jex/ov5.jex' fragmentId='//@requirements.0/@requirements.0/@requirements.7' key='test run status' value='true'/>
<eObjectEntry  timestamp='1361378649297' resUri='platform:/resource/ovinger/jex/ov5.jex' fragmentId='//@requirements.1/@requirements.0/@requirements.8' key='test run status' value='false'/>
<eObjectEntry  timestamp='1361378649309' resUri='platform:/resource/ovinger/jex/ov5.jex' fragmentId='//@requirements.1/@requirements.0/@requirements.9' key='test run status' value='false'/>
<eObjectEntry  timestamp='1361378649321' resUri='platform:/resource/ovinger/jex/ov5.jex' fragmentId='//@requirements.1/@requirements.0/@requirements.10' key='test run status' value='false'/>
<eObjectEntry  timestamp='1361378649324' resUri='platform:/resource/ovinger/jex/ov5.jex' fragmentId='//@requirements.1/@requirements.0/@requirements.11' key='test run status' value='false'/>
<eObjectEntry  timestamp='1361378649327' resUri='platform:/resource/ovinger/jex/ov5.jex' fragmentId='//@requirements.1/@requirements.0/@requirements.12' key='test run status' value='false'/>
<eObjectEntry  timestamp='1361378649331' resUri='platform:/resource/ovinger/jex/ov5.jex' fragmentId='//@requirements.2/@requirements.0/@requirements.2' key='test run status' value='false'/>
<eObjectEntry  timestamp='1361378649334' resUri='platform:/resource/ovinger/jex/ov5.jex' fragmentId='//@requirements.2/@requirements.0/@requirements.3' key='test run status' value='false'/>
<eObjectEntry  timestamp='1361378649337' resUri='platform:/resource/ovinger/jex/ov5.jex' fragmentId='//@requirements.2/@requirements.0/@requirements.5' key='test run status' value='false'/>
<eObjectEntry  timestamp='1361378649350' resUri='platform:/resource/ovinger/jex/ov5.jex' fragmentId='//@requirements.3/@requirements.0/@requirements.4' key='test run status' value='false'/>
<eObjectEntry  timestamp='1361378649361' resUri='platform:/resource/ovinger/jex/ov5.jex' fragmentId='//@requirements.3/@requirements.0/@requirements.5' key='test run status' value='false'/>
<eObjectEntry  timestamp='1361378649365' resUri='platform:/resource/ovinger/jex/ov5.jex' fragmentId='//@requirements.3/@requirements.1/@requirements.3' key='test run status' value='false'/>
<eObjectEntry  timestamp='1361378649392' resUri='platform:/resource/ovinger/jex/ov5.jex' fragmentId='//@requirements.3/@requirements.1/@requirements.4' key='test run status' value='false'/>
<eObjectEntry  timestamp='1361378649403' resUri='platform:/resource/ovinger/jex/ov5.jex' fragmentId='//@requirements.3/@requirements.1/@requirements.6' key='test run status' value='false'/>
<eObjectEntry  timestamp='1361379302171' resUri='platform:/resource/ovinger/jex/ov5.jex' fragmentId='//@javaElements.0/@classes.0' key='junit test launch' value='AllTests'/>
<eObjectEntry  timestamp='1361379303109' resUri='platform:/resource/ovinger/jex/ov5.jex' fragmentId='//@requirements.0/@requirements.0/@requirements.3' key='test run status' value='true'/>
<eObjectEntry  timestamp='1361379303122' resUri='platform:/resource/ovinger/jex/ov5.jex' fragmentId='//@requirements.0/@requirements.0/@requirements.4' key='test run status' value='true'/>
<eObjectEntry  timestamp='1361379303125' resUri='platform:/resource/ovinger/jex/ov5.jex' fragmentId='//@requirements.0/@requirements.0/@requirements.7' key='test run status' value='true'/>
<eObjectEntry  timestamp='1361379303129' resUri='platform:/resource/ovinger/jex/ov5.jex' fragmentId='//@requirements.1/@requirements.0/@requirements.8' key='test run status' value='false'/>
<eObjectEntry  timestamp='1361379303132' resUri='platform:/resource/ovinger/jex/ov5.jex' fragmentId='//@requirements.1/@requirements.0/@requirements.9' key='test run status' value='false'/>
<eObjectEntry  timestamp='1361379303136' resUri='platform:/resource/ovinger/jex/ov5.jex' fragmentId='//@requirements.1/@requirements.0/@requirements.10' key='test run status' value='false'/>
<eObjectEntry  timestamp='1361379303157' resUri='platform:/resource/ovinger/jex/ov5.jex' fragmentId='//@requirements.1/@requirements.0/@requirements.11' key='test run status' value='false'/>
<eObjectEntry  timestamp='1361379303162' resUri='platform:/resource/ovinger/jex/ov5.jex' fragmentId='//@requirements.1/@requirements.0/@requirements.12' key='test run status' value='false'/>
<eObjectEntry  timestamp='1361379303166' resUri='platform:/resource/ovinger/jex/ov5.jex' fragmentId='//@requirements.2/@requirements.0/@requirements.2' key='test run status' value='false'/>
<eObjectEntry  timestamp='1361379303173' resUri='platform:/resource/ovinger/jex/ov5.jex' fragmentId='//@requirements.2/@requirements.0/@requirements.3' key='test run status' value='false'/>
<eObjectEntry  timestamp='1361379303179' resUri='platform:/resource/ovinger/jex/ov5.jex' fragmentId='//@requirements.2/@requirements.0/@requirements.5' key='test run status' value='false'/>
<eObjectEntry  timestamp='1361379303183' resUri='platform:/resource/ovinger/jex/ov5.jex' fragmentId='//@requirements.3/@requirements.0/@requirements.4' key='test run status' value='false'/>
<eObjectEntry  timestamp='1361379303186' resUri='platform:/resource/ovinger/jex/ov5.jex' fragmentId='//@requirements.3/@requirements.0/@requirements.5' key='test run status' value='false'/>
<eObjectEntry  timestamp='1361379303190' resUri='platform:/resource/ovinger/jex/ov5.jex' fragmentId='//@requirements.3/@requirements.1/@requirements.3' key='test run status' value='false'/>
<eObjectEntry  timestamp='1361379303202' resUri='platform:/resource/ovinger/jex/ov5.jex' fragmentId='//@requirements.3/@requirements.1/@requirements.4' key='test run status' value='false'/>
<eObjectEntry  timestamp='1361379303218' resUri='platform:/resource/ovinger/jex/ov5.jex' fragmentId='//@requirements.3/@requirements.1/@requirements.6' key='test run status' value='false'/>
<eObjectEntry  timestamp='1361379408084' resUri='platform:/resource/ovinger/jex/ov5.jex' fragmentId='//@javaElements.0/@classes.0' key='junit test launch' value='AllTests'/>
<eObjectEntry  timestamp='1361379409110' resUri='platform:/resource/ovinger/jex/ov5.jex' fragmentId='//@requirements.0/@requirements.0/@requirements.3' key='test run status' value='true'/>
<eObjectEntry  timestamp='1361379409112' resUri='platform:/resource/ovinger/jex/ov5.jex' fragmentId='//@requirements.0/@requirements.0/@requirements.4' key='test run status' value='true'/>
<eObjectEntry  timestamp='1361379409114' resUri='platform:/resource/ovinger/jex/ov5.jex' fragmentId='//@requirements.0/@requirements.0/@requirements.7' key='test run status' value='true'/>
<eObjectEntry  timestamp='1361379409116' resUri='platform:/resource/ovinger/jex/ov5.jex' fragmentId='//@requirements.1/@requirements.0/@requirements.8' key='test run status' value='false'/>
<eObjectEntry  timestamp='1361379409119' resUri='platform:/resource/ovinger/jex/ov5.jex' fragmentId='//@requirements.1/@requirements.0/@requirements.9' key='test run status' value='true'/>
<eObjectEntry  timestamp='1361379409121' resUri='platform:/resource/ovinger/jex/ov5.jex' fragmentId='//@requirements.1/@requirements.0/@requirements.10' key='test run status' value='false'/>
<eObjectEntry  timestamp='1361379409132' resUri='platform:/resource/ovinger/jex/ov5.jex' fragmentId='//@requirements.1/@requirements.0/@requirements.11' key='test run status' value='false'/>
<eObjectEntry  timestamp='1361379409135' resUri='platform:/resource/ovinger/jex/ov5.jex' fragmentId='//@requirements.1/@requirements.0/@requirements.12' key='test run status' value='false'/>
<eObjectEntry  timestamp='1361379409139' resUri='platform:/resource/ovinger/jex/ov5.jex' fragmentId='//@requirements.2/@requirements.0/@requirements.2' key='test run status' value='false'/>
<eObjectEntry  timestamp='1361379409143' resUri='platform:/resource/ovinger/jex/ov5.jex' fragmentId='//@requirements.2/@requirements.0/@requirements.3' key='test run status' value='false'/>
<eObjectEntry  timestamp='1361379409153' resUri='platform:/resource/ovinger/jex/ov5.jex' fragmentId='//@requirements.2/@requirements.0/@requirements.5' key='test run status' value='false'/>
<eObjectEntry  timestamp='1361379409164' resUri='platform:/resource/ovinger/jex/ov5.jex' fragmentId='//@requirements.3/@requirements.0/@requirements.4' key='test run status' value='false'/>
<eObjectEntry  timestamp='1361379409179' resUri='platform:/resource/ovinger/jex/ov5.jex' fragmentId='//@requirements.3/@requirements.0/@requirements.5' key='test run status' value='false'/>
<eObjectEntry  timestamp='1361379409190' resUri='platform:/resource/ovinger/jex/ov5.jex' fragmentId='//@requirements.3/@requirements.1/@requirements.3' key='test run status' value='false'/>
<eObjectEntry  timestamp='1361379409200' resUri='platform:/resource/ovinger/jex/ov5.jex' fragmentId='//@requirements.3/@requirements.1/@requirements.4' key='test run status' value='false'/>
<eObjectEntry  timestamp='1361379409215' resUri='platform:/resource/ovinger/jex/ov5.jex' fragmentId='//@requirements.3/@requirements.1/@requirements.6' key='test run status' value='false'/>
<eObjectEntry  timestamp='1361380930261' resUri='platform:/resource/ovinger/jex/ov5.jex' fragmentId='//@javaElements.0/@classes.0' key='junit test launch' value='AllTests'/>
<eObjectEntry  timestamp='1361380931266' resUri='platform:/resource/ovinger/jex/ov5.jex' fragmentId='//@requirements.0/@requirements.0/@requirements.3' key='test run status' value='true'/>
<eObjectEntry  timestamp='1361380931270' resUri='platform:/resource/ovinger/jex/ov5.jex' fragmentId='//@requirements.0/@requirements.0/@requirements.4' key='test run status' value='true'/>
<eObjectEntry  timestamp='1361380931274' resUri='platform:/resource/ovinger/jex/ov5.jex' fragmentId='//@requirements.0/@requirements.0/@requirements.7' key='test run status' value='true'/>
<eObjectEntry  timestamp='1361380931279' resUri='platform:/resource/ovinger/jex/ov5.jex' fragmentId='//@requirements.1/@requirements.0/@requirements.8' key='test run status' value='false'/>
<eObjectEntry  timestamp='1361380931288' resUri='platform:/resource/ovinger/jex/ov5.jex' fragmentId='//@requirements.1/@requirements.0/@requirements.9' key='test run status' value='true'/>
<eObjectEntry  timestamp='1361380931298' resUri='platform:/resource/ovinger/jex/ov5.jex' fragmentId='//@requirements.1/@requirements.0/@requirements.10' key='test run status' value='false'/>
<eObjectEntry  timestamp='1361380931301' resUri='platform:/resource/ovinger/jex/ov5.jex' fragmentId='//@requirements.1/@requirements.0/@requirements.11' key='test run status' value='false'/>
<eObjectEntry  timestamp='1361380931303' resUri='platform:/resource/ovinger/jex/ov5.jex' fragmentId='//@requirements.1/@requirements.0/@requirements.12' key='test run status' value='false'/>
<eObjectEntry  timestamp='1361380931305' resUri='platform:/resource/ovinger/jex/ov5.jex' fragmentId='//@requirements.2/@requirements.0/@requirements.2' key='test run status' value='false'/>
<eObjectEntry  timestamp='1361380931308' resUri='platform:/resource/ovinger/jex/ov5.jex' fragmentId='//@requirements.2/@requirements.0/@requirements.3' key='test run status' value='false'/>
<eObjectEntry  timestamp='1361380931310' resUri='platform:/resource/ovinger/jex/ov5.jex' fragmentId='//@requirements.2/@requirements.0/@requirements.5' key='test run status' value='false'/>
<eObjectEntry  timestamp='1361380931313' resUri='platform:/resource/ovinger/jex/ov5.jex' fragmentId='//@requirements.3/@requirements.0/@requirements.4' key='test run status' value='false'/>
<eObjectEntry  timestamp='1361380931315' resUri='platform:/resource/ovinger/jex/ov5.jex' fragmentId='//@requirements.3/@requirements.0/@requirements.5' key='test run status' value='false'/>
<eObjectEntry  timestamp='1361380931319' resUri='platform:/resource/ovinger/jex/ov5.jex' fragmentId='//@requirements.3/@requirements.1/@requirements.3' key='test run status' value='false'/>
<eObjectEntry  timestamp='1361380931336' resUri='platform:/resource/ovinger/jex/ov5.jex' fragmentId='//@requirements.3/@requirements.1/@requirements.4' key='test run status' value='false'/>
<eObjectEntry  timestamp='1361380931351' resUri='platform:/resource/ovinger/jex/ov5.jex' fragmentId='//@requirements.3/@requirements.1/@requirements.6' key='test run status' value='false'/>
<eObjectEntry  timestamp='1361380947401' resUri='platform:/resource/ovinger/jex/ov5.jex' fragmentId='//@javaElements.0/@classes.0' key='junit test launch' value='AllTests'/>
<eObjectEntry  timestamp='1361380948451' resUri='platform:/resource/ovinger/jex/ov5.jex' fragmentId='//@requirements.0/@requirements.0/@requirements.3' key='test run status' value='true'/>
<eObjectEntry  timestamp='1361380948464' resUri='platform:/resource/ovinger/jex/ov5.jex' fragmentId='//@requirements.0/@requirements.0/@requirements.4' key='test run status' value='true'/>
<eObjectEntry  timestamp='1361380948474' resUri='platform:/resource/ovinger/jex/ov5.jex' fragmentId='//@requirements.0/@requirements.0/@requirements.7' key='test run status' value='true'/>
<eObjectEntry  timestamp='1361380948478' resUri='platform:/resource/ovinger/jex/ov5.jex' fragmentId='//@requirements.1/@requirements.0/@requirements.8' key='test run status' value='true'/>
<eObjectEntry  timestamp='1361380948482' resUri='platform:/resource/ovinger/jex/ov5.jex' fragmentId='//@requirements.1/@requirements.0/@requirements.9' key='test run status' value='true'/>
<eObjectEntry  timestamp='1361380948485' resUri='platform:/resource/ovinger/jex/ov5.jex' fragmentId='//@requirements.1/@requirements.0/@requirements.10' key='test run status' value='true'/>
<eObjectEntry  timestamp='1361380948497' resUri='platform:/resource/ovinger/jex/ov5.jex' fragmentId='//@requirements.1/@requirements.0/@requirements.11' key='test run status' value='true'/>
<eObjectEntry  timestamp='1361380948508' resUri='platform:/resource/ovinger/jex/ov5.jex' fragmentId='//@requirements.1/@requirements.0/@requirements.12' key='test run status' value='true'/>
<eObjectEntry  timestamp='1361380948519' resUri='platform:/resource/ovinger/jex/ov5.jex' fragmentId='//@requirements.2/@requirements.0/@requirements.2' key='test run status' value='false'/>
<eObjectEntry  timestamp='1361380948528' resUri='platform:/resource/ovinger/jex/ov5.jex' fragmentId='//@requirements.2/@requirements.0/@requirements.3' key='test run status' value='false'/>
<eObjectEntry  timestamp='1361380948546' resUri='platform:/resource/ovinger/jex/ov5.jex' fragmentId='//@requirements.2/@requirements.0/@requirements.5' key='test run status' value='false'/>
<eObjectEntry  timestamp='1361380948562' resUri='platform:/resource/ovinger/jex/ov5.jex' fragmentId='//@requirements.3/@requirements.0/@requirements.4' key='test run status' value='false'/>
<eObjectEntry  timestamp='1361380948566' resUri='platform:/resource/ovinger/jex/ov5.jex' fragmentId='//@requirements.3/@requirements.0/@requirements.5' key='test run status' value='false'/>
<eObjectEntry  timestamp='1361380948570' resUri='platform:/resource/ovinger/jex/ov5.jex' fragmentId='//@requirements.3/@requirements.1/@requirements.3' key='test run status' value='false'/>
<eObjectEntry  timestamp='1361380948574' resUri='platform:/resource/ovinger/jex/ov5.jex' fragmentId='//@requirements.3/@requirements.1/@requirements.4' key='test run status' value='false'/>
<eObjectEntry  timestamp='1361380948577' resUri='platform:/resource/ovinger/jex/ov5.jex' fragmentId='//@requirements.3/@requirements.1/@requirements.6' key='test run status' value='false'/>
<eObjectEntry  timestamp='1361381821469' resUri='platform:/resource/ovinger/jex/ov5.jex' fragmentId='//@javaElements.0/@classes.0' key='junit test launch' value='AllTests'/>
<eObjectEntry  timestamp='1361381822470' resUri='platform:/resource/ovinger/jex/ov5.jex' fragmentId='//@requirements.0/@requirements.0/@requirements.3' key='test run status' value='true'/>
<eObjectEntry  timestamp='1361381822474' resUri='platform:/resource/ovinger/jex/ov5.jex' fragmentId='//@requirements.0/@requirements.0/@requirements.4' key='test run status' value='true'/>
<eObjectEntry  timestamp='1361381822479' resUri='platform:/resource/ovinger/jex/ov5.jex' fragmentId='//@requirements.0/@requirements.0/@requirements.7' key='test run status' value='true'/>
<eObjectEntry  timestamp='1361381822483' resUri='platform:/resource/ovinger/jex/ov5.jex' fragmentId='//@requirements.1/@requirements.0/@requirements.8' key='test run status' value='true'/>
<eObjectEntry  timestamp='1361381822499' resUri='platform:/resource/ovinger/jex/ov5.jex' fragmentId='//@requirements.1/@requirements.0/@requirements.9' key='test run status' value='true'/>
<eObjectEntry  timestamp='1361381822510' resUri='platform:/resource/ovinger/jex/ov5.jex' fragmentId='//@requirements.1/@requirements.0/@requirements.10' key='test run status' value='true'/>
<eObjectEntry  timestamp='1361381822515' resUri='platform:/resource/ovinger/jex/ov5.jex' fragmentId='//@requirements.1/@requirements.0/@requirements.11' key='test run status' value='true'/>
<eObjectEntry  timestamp='1361381822519' resUri='platform:/resource/ovinger/jex/ov5.jex' fragmentId='//@requirements.1/@requirements.0/@requirements.12' key='test run status' value='true'/>
<eObjectEntry  timestamp='1361381822522' resUri='platform:/resource/ovinger/jex/ov5.jex' fragmentId='//@requirements.2/@requirements.0/@requirements.2' key='test run status' value='false'/>
<eObjectEntry  timestamp='1361381822527' resUri='platform:/resource/ovinger/jex/ov5.jex' fragmentId='//@requirements.2/@requirements.0/@requirements.3' key='test run status' value='true'/>
<eObjectEntry  timestamp='1361381822543' resUri='platform:/resource/ovinger/jex/ov5.jex' fragmentId='//@requirements.2/@requirements.0/@requirements.5' key='test run status' value='true'/>
<eObjectEntry  timestamp='1361381822560' resUri='platform:/resource/ovinger/jex/ov5.jex' fragmentId='//@requirements.3/@requirements.0/@requirements.4' key='test run status' value='false'/>
<eObjectEntry  timestamp='1361381822573' resUri='platform:/resource/ovinger/jex/ov5.jex' fragmentId='//@requirements.3/@requirements.0/@requirements.5' key='test run status' value='false'/>
<eObjectEntry  timestamp='1361381822588' resUri='platform:/resource/ovinger/jex/ov5.jex' fragmentId='//@requirements.3/@requirements.1/@requirements.3' key='test run status' value='false'/>
<eObjectEntry  timestamp='1361381822608' resUri='platform:/resource/ovinger/jex/ov5.jex' fragmentId='//@requirements.3/@requirements.1/@requirements.4' key='test run status' value='false'/>
<eObjectEntry  timestamp='1361381822624' resUri='platform:/resource/ovinger/jex/ov5.jex' fragmentId='//@requirements.3/@requirements.1/@requirements.6' key='test run status' value='false'/>
<eObjectEntry  timestamp='1361381838939' resUri='platform:/resource/ovinger/jex/ov5.jex' fragmentId='//@javaElements.0/@classes.0' key='junit test launch' value='AllTests'/>
<eObjectEntry  timestamp='1361381840225' resUri='platform:/resource/ovinger/jex/ov5.jex' fragmentId='//@requirements.0/@requirements.0/@requirements.3' key='test run status' value='true'/>
<eObjectEntry  timestamp='1361381840229' resUri='platform:/resource/ovinger/jex/ov5.jex' fragmentId='//@requirements.0/@requirements.0/@requirements.4' key='test run status' value='true'/>
<eObjectEntry  timestamp='1361381840233' resUri='platform:/resource/ovinger/jex/ov5.jex' fragmentId='//@requirements.0/@requirements.0/@requirements.7' key='test run status' value='true'/>
<eObjectEntry  timestamp='1361381840238' resUri='platform:/resource/ovinger/jex/ov5.jex' fragmentId='//@requirements.1/@requirements.0/@requirements.8' key='test run status' value='true'/>
<eObjectEntry  timestamp='1361381840250' resUri='platform:/resource/ovinger/jex/ov5.jex' fragmentId='//@requirements.1/@requirements.0/@requirements.9' key='test run status' value='true'/>
<eObjectEntry  timestamp='1361381840262' resUri='platform:/resource/ovinger/jex/ov5.jex' fragmentId='//@requirements.1/@requirements.0/@requirements.10' key='test run status' value='true'/>
<eObjectEntry  timestamp='1361381840265' resUri='platform:/resource/ovinger/jex/ov5.jex' fragmentId='//@requirements.1/@requirements.0/@requirements.11' key='test run status' value='true'/>
<eObjectEntry  timestamp='1361381840268' resUri='platform:/resource/ovinger/jex/ov5.jex' fragmentId='//@requirements.1/@requirements.0/@requirements.12' key='test run status' value='true'/>
<eObjectEntry  timestamp='1361381840271' resUri='platform:/resource/ovinger/jex/ov5.jex' fragmentId='//@requirements.2/@requirements.0/@requirements.2' key='test run status' value='true'/>
<eObjectEntry  timestamp='1361381840275' resUri='platform:/resource/ovinger/jex/ov5.jex' fragmentId='//@requirements.2/@requirements.0/@requirements.3' key='test run status' value='true'/>
<eObjectEntry  timestamp='1361381840279' resUri='platform:/resource/ovinger/jex/ov5.jex' fragmentId='//@requirements.2/@requirements.0/@requirements.5' key='test run status' value='true'/>
<eObjectEntry  timestamp='1361381840283' resUri='platform:/resource/ovinger/jex/ov5.jex' fragmentId='//@requirements.3/@requirements.0/@requirements.4' key='test run status' value='false'/>
<eObjectEntry  timestamp='1361381840287' resUri='platform:/resource/ovinger/jex/ov5.jex' fragmentId='//@requirements.3/@requirements.0/@requirements.5' key='test run status' value='false'/>
<eObjectEntry  timestamp='1361381840309' resUri='platform:/resource/ovinger/jex/ov5.jex' fragmentId='//@requirements.3/@requirements.1/@requirements.3' key='test run status' value='false'/>
<eObjectEntry  timestamp='1361381840322' resUri='platform:/resource/ovinger/jex/ov5.jex' fragmentId='//@requirements.3/@requirements.1/@requirements.4' key='test run status' value='false'/>
<eObjectEntry  timestamp='1361381840334' resUri='platform:/resource/ovinger/jex/ov5.jex' fragmentId='//@requirements.3/@requirements.1/@requirements.6' key='test run status' value='false'/>
<eObjectEntry  timestamp='1361382368049' resUri='platform:/resource/ovinger/jex/ov5.jex' fragmentId='//@javaElements.0/@classes.0' key='junit test launch' value='AllTests'/>
<eObjectEntry  timestamp='1361382369140' resUri='platform:/resource/ovinger/jex/ov5.jex' fragmentId='//@requirements.0/@requirements.0/@requirements.3' key='test run status' value='true'/>
<eObjectEntry  timestamp='1361382369158' resUri='platform:/resource/ovinger/jex/ov5.jex' fragmentId='//@requirements.0/@requirements.0/@requirements.4' key='test run status' value='true'/>
<eObjectEntry  timestamp='1361382369175' resUri='platform:/resource/ovinger/jex/ov5.jex' fragmentId='//@requirements.0/@requirements.0/@requirements.7' key='test run status' value='true'/>
<eObjectEntry  timestamp='1361382369192' resUri='platform:/resource/ovinger/jex/ov5.jex' fragmentId='//@requirements.1/@requirements.0/@requirements.8' key='test run status' value='true'/>
<eObjectEntry  timestamp='1361382369205' resUri='platform:/resource/ovinger/jex/ov5.jex' fragmentId='//@requirements.1/@requirements.0/@requirements.9' key='test run status' value='true'/>
<eObjectEntry  timestamp='1361382369208' resUri='platform:/resource/ovinger/jex/ov5.jex' fragmentId='//@requirements.1/@requirements.0/@requirements.10' key='test run status' value='true'/>
<eObjectEntry  timestamp='1361382369219' resUri='platform:/resource/ovinger/jex/ov5.jex' fragmentId='//@requirements.1/@requirements.0/@requirements.11' key='test run status' value='true'/>
<eObjectEntry  timestamp='1361382369222' resUri='platform:/resource/ovinger/jex/ov5.jex' fragmentId='//@requirements.1/@requirements.0/@requirements.12' key='test run status' value='true'/>
<eObjectEntry  timestamp='1361382369226' resUri='platform:/resource/ovinger/jex/ov5.jex' fragmentId='//@requirements.2/@requirements.0/@requirements.2' key='test run status' value='true'/>
<eObjectEntry  timestamp='1361382369229' resUri='platform:/resource/ovinger/jex/ov5.jex' fragmentId='//@requirements.2/@requirements.0/@requirements.3' key='test run status' value='true'/>
<eObjectEntry  timestamp='1361382369246' resUri='platform:/resource/ovinger/jex/ov5.jex' fragmentId='//@requirements.2/@requirements.0/@requirements.5' key='test run status' value='true'/>
<eObjectEntry  timestamp='1361382369251' resUri='platform:/resource/ovinger/jex/ov5.jex' fragmentId='//@requirements.3/@requirements.0/@requirements.4' key='test run status' value='false'/>
<eObjectEntry  timestamp='1361382369257' resUri='platform:/resource/ovinger/jex/ov5.jex' fragmentId='//@requirements.3/@requirements.0/@requirements.5' key='test run status' value='true'/>
<eObjectEntry  timestamp='1361382369262' resUri='platform:/resource/ovinger/jex/ov5.jex' fragmentId='//@requirements.3/@requirements.1/@requirements.3' key='test run status' value='false'/>
<eObjectEntry  timestamp='1361382369266' resUri='platform:/resource/ovinger/jex/ov5.jex' fragmentId='//@requirements.3/@requirements.1/@requirements.4' key='test run status' value='false'/>
<eObjectEntry  timestamp='1361382369280' resUri='platform:/resource/ovinger/jex/ov5.jex' fragmentId='//@requirements.3/@requirements.1/@requirements.6' key='test run status' value='false'/>
<eObjectEntry  timestamp='1361382463101' resUri='platform:/resource/ovinger/jex/ov5.jex' fragmentId='//@javaElements.0/@classes.0' key='junit test launch' value='AllTests'/>
<eObjectEntry  timestamp='1361382464173' resUri='platform:/resource/ovinger/jex/ov5.jex' fragmentId='//@requirements.0/@requirements.0/@requirements.3' key='test run status' value='true'/>
<eObjectEntry  timestamp='1361382464178' resUri='platform:/resource/ovinger/jex/ov5.jex' fragmentId='//@requirements.0/@requirements.0/@requirements.4' key='test run status' value='true'/>
<eObjectEntry  timestamp='1361382464182' resUri='platform:/resource/ovinger/jex/ov5.jex' fragmentId='//@requirements.0/@requirements.0/@requirements.7' key='test run status' value='true'/>
<eObjectEntry  timestamp='1361382464202' resUri='platform:/resource/ovinger/jex/ov5.jex' fragmentId='//@requirements.1/@requirements.0/@requirements.8' key='test run status' value='true'/>
<eObjectEntry  timestamp='1361382464221' resUri='platform:/resource/ovinger/jex/ov5.jex' fragmentId='//@requirements.1/@requirements.0/@requirements.9' key='test run status' value='true'/>
<eObjectEntry  timestamp='1361382464226' resUri='platform:/resource/ovinger/jex/ov5.jex' fragmentId='//@requirements.1/@requirements.0/@requirements.10' key='test run status' value='true'/>
<eObjectEntry  timestamp='1361382464231' resUri='platform:/resource/ovinger/jex/ov5.jex' fragmentId='//@requirements.1/@requirements.0/@requirements.11' key='test run status' value='true'/>
<eObjectEntry  timestamp='1361382464245' resUri='platform:/resource/ovinger/jex/ov5.jex' fragmentId='//@requirements.1/@requirements.0/@requirements.12' key='test run status' value='true'/>
<eObjectEntry  timestamp='1361382464256' resUri='platform:/resource/ovinger/jex/ov5.jex' fragmentId='//@requirements.2/@requirements.0/@requirements.2' key='test run status' value='true'/>
<eObjectEntry  timestamp='1361382464270' resUri='platform:/resource/ovinger/jex/ov5.jex' fragmentId='//@requirements.2/@requirements.0/@requirements.3' key='test run status' value='true'/>
<eObjectEntry  timestamp='1361382464282' resUri='platform:/resource/ovinger/jex/ov5.jex' fragmentId='//@requirements.2/@requirements.0/@requirements.5' key='test run status' value='true'/>
<eObjectEntry  timestamp='1361382464298' resUri='platform:/resource/ovinger/jex/ov5.jex' fragmentId='//@requirements.3/@requirements.0/@requirements.4' key='test run status' value='true'/>
<eObjectEntry  timestamp='1361382464309' resUri='platform:/resource/ovinger/jex/ov5.jex' fragmentId='//@requirements.3/@requirements.0/@requirements.5' key='test run status' value='true'/>
<eObjectEntry  timestamp='1361382464328' resUri='platform:/resource/ovinger/jex/ov5.jex' fragmentId='//@requirements.3/@requirements.1/@requirements.3' key='test run status' value='false'/>
<eObjectEntry  timestamp='1361382464350' resUri='platform:/resource/ovinger/jex/ov5.jex' fragmentId='//@requirements.3/@requirements.1/@requirements.4' key='test run status' value='false'/>
<eObjectEntry  timestamp='1361382464363' resUri='platform:/resource/ovinger/jex/ov5.jex' fragmentId='//@requirements.3/@requirements.1/@requirements.6' key='test run status' value='false'/>
<eObjectEntry  timestamp='1361383006206' resUri='platform:/resource/ovinger/jex/ov5.jex' fragmentId='//@javaElements.0/@classes.0' key='junit test launch' value='AllTests'/>
<eObjectEntry  timestamp='1361383007240' resUri='platform:/resource/ovinger/jex/ov5.jex' fragmentId='//@requirements.0/@requirements.0/@requirements.3' key='test run status' value='true'/>
<eObjectEntry  timestamp='1361383007248' resUri='platform:/resource/ovinger/jex/ov5.jex' fragmentId='//@requirements.0/@requirements.0/@requirements.4' key='test run status' value='true'/>
<eObjectEntry  timestamp='1361383007270' resUri='platform:/resource/ovinger/jex/ov5.jex' fragmentId='//@requirements.0/@requirements.0/@requirements.7' key='test run status' value='true'/>
<eObjectEntry  timestamp='1361383007284' resUri='platform:/resource/ovinger/jex/ov5.jex' fragmentId='//@requirements.1/@requirements.0/@requirements.8' key='test run status' value='true'/>
<eObjectEntry  timestamp='1361383007289' resUri='platform:/resource/ovinger/jex/ov5.jex' fragmentId='//@requirements.1/@requirements.0/@requirements.9' key='test run status' value='true'/>
<eObjectEntry  timestamp='1361383007294' resUri='platform:/resource/ovinger/jex/ov5.jex' fragmentId='//@requirements.1/@requirements.0/@requirements.10' key='test run status' value='true'/>
<eObjectEntry  timestamp='1361383007309' resUri='platform:/resource/ovinger/jex/ov5.jex' fragmentId='//@requirements.1/@requirements.0/@requirements.11' key='test run status' value='true'/>
<eObjectEntry  timestamp='1361383007316' resUri='platform:/resource/ovinger/jex/ov5.jex' fragmentId='//@requirements.1/@requirements.0/@requirements.12' key='test run status' value='true'/>
<eObjectEntry  timestamp='1361383007321' resUri='platform:/resource/ovinger/jex/ov5.jex' fragmentId='//@requirements.2/@requirements.0/@requirements.2' key='test run status' value='true'/>
<eObjectEntry  timestamp='1361383007332' resUri='platform:/resource/ovinger/jex/ov5.jex' fragmentId='//@requirements.2/@requirements.0/@requirements.3' key='test run status' value='true'/>
<eObjectEntry  timestamp='1361383007352' resUri='platform:/resource/ovinger/jex/ov5.jex' fragmentId='//@requirements.2/@requirements.0/@requirements.5' key='test run status' value='true'/>
<eObjectEntry  timestamp='1361383007374' resUri='platform:/resource/ovinger/jex/ov5.jex' fragmentId='//@requirements.3/@requirements.0/@requirements.4' key='test run status' value='true'/>
<eObjectEntry  timestamp='1361383007379' resUri='platform:/resource/ovinger/jex/ov5.jex' fragmentId='//@requirements.3/@requirements.0/@requirements.5' key='test run status' value='true'/>
<eObjectEntry  timestamp='1361383007397' resUri='platform:/resource/ovinger/jex/ov5.jex' fragmentId='//@requirements.3/@requirements.1/@requirements.3' key='test run status' value='true'/>
<eObjectEntry  timestamp='1361383007401' resUri='platform:/resource/ovinger/jex/ov5.jex' fragmentId='//@requirements.3/@requirements.1/@requirements.4' key='test run status' value='true'/>
<eObjectEntry  timestamp='1361383007406' resUri='platform:/resource/ovinger/jex/ov5.jex' fragmentId='//@requirements.3/@requirements.1/@requirements.6' key='test run status' value='false'/>
<eObjectEntry  timestamp='1361383208497' resUri='platform:/resource/ovinger/jex/ov5.jex' fragmentId='//@javaElements.0/@classes.0' key='junit test launch' value='AllTests'/>
<eObjectEntry  timestamp='1361383209637' resUri='platform:/resource/ovinger/jex/ov5.jex' fragmentId='//@requirements.0/@requirements.0/@requirements.3' key='test run status' value='true'/>
<eObjectEntry  timestamp='1361383209650' resUri='platform:/resource/ovinger/jex/ov5.jex' fragmentId='//@requirements.0/@requirements.0/@requirements.4' key='test run status' value='true'/>
<eObjectEntry  timestamp='1361383209655' resUri='platform:/resource/ovinger/jex/ov5.jex' fragmentId='//@requirements.0/@requirements.0/@requirements.7' key='test run status' value='true'/>
<eObjectEntry  timestamp='1361383209660' resUri='platform:/resource/ovinger/jex/ov5.jex' fragmentId='//@requirements.1/@requirements.0/@requirements.8' key='test run status' value='true'/>
<eObjectEntry  timestamp='1361383209665' resUri='platform:/resource/ovinger/jex/ov5.jex' fragmentId='//@requirements.1/@requirements.0/@requirements.9' key='test run status' value='true'/>
<eObjectEntry  timestamp='1361383209676' resUri='platform:/resource/ovinger/jex/ov5.jex' fragmentId='//@requirements.1/@requirements.0/@requirements.10' key='test run status' value='true'/>
<eObjectEntry  timestamp='1361383209692' resUri='platform:/resource/ovinger/jex/ov5.jex' fragmentId='//@requirements.1/@requirements.0/@requirements.11' key='test run status' value='true'/>
<eObjectEntry  timestamp='1361383209704' resUri='platform:/resource/ovinger/jex/ov5.jex' fragmentId='//@requirements.1/@requirements.0/@requirements.12' key='test run status' value='true'/>
<eObjectEntry  timestamp='1361383209726' resUri='platform:/resource/ovinger/jex/ov5.jex' fragmentId='//@requirements.2/@requirements.0/@requirements.2' key='test run status' value='true'/>
<eObjectEntry  timestamp='1361383209748' resUri='platform:/resource/ovinger/jex/ov5.jex' fragmentId='//@requirements.2/@requirements.0/@requirements.3' key='test run status' value='true'/>
<eObjectEntry  timestamp='1361383209761' resUri='platform:/resource/ovinger/jex/ov5.jex' fragmentId='//@requirements.2/@requirements.0/@requirements.5' key='test run status' value='true'/>
<eObjectEntry  timestamp='1361383209773' resUri='platform:/resource/ovinger/jex/ov5.jex' fragmentId='//@requirements.3/@requirements.0/@requirements.4' key='test run status' value='true'/>
<eObjectEntry  timestamp='1361383209786' resUri='platform:/resource/ovinger/jex/ov5.jex' fragmentId='//@requirements.3/@requirements.0/@requirements.5' key='test run status' value='true'/>
<eObjectEntry  timestamp='1361383209800' resUri='platform:/resource/ovinger/jex/ov5.jex' fragmentId='//@requirements.3/@requirements.1/@requirements.3' key='test run status' value='true'/>
<eObjectEntry  timestamp='1361383209812' resUri='platform:/resource/ovinger/jex/ov5.jex' fragmentId='//@requirements.3/@requirements.1/@requirements.4' key='test run status' value='true'/>
<eObjectEntry  timestamp='1361383209822' resUri='platform:/resource/ovinger/jex/ov5.jex' fragmentId='//@requirements.3/@requirements.1/@requirements.6' key='test run status' value='false'/>
<eObjectEntry  timestamp='1361383361012' resUri='platform:/resource/ovinger/jex/ov5.jex' fragmentId='//@javaElements.0/@classes.0' key='junit test launch' value='AllTests'/>
<eObjectEntry  timestamp='1361383362049' resUri='platform:/resource/ovinger/jex/ov5.jex' fragmentId='//@requirements.0/@requirements.0/@requirements.3' key='test run status' value='true'/>
<eObjectEntry  timestamp='1361383362066' resUri='platform:/resource/ovinger/jex/ov5.jex' fragmentId='//@requirements.0/@requirements.0/@requirements.4' key='test run status' value='true'/>
<eObjectEntry  timestamp='1361383362079' resUri='platform:/resource/ovinger/jex/ov5.jex' fragmentId='//@requirements.0/@requirements.0/@requirements.7' key='test run status' value='true'/>
<eObjectEntry  timestamp='1361383362082' resUri='platform:/resource/ovinger/jex/ov5.jex' fragmentId='//@requirements.1/@requirements.0/@requirements.8' key='test run status' value='true'/>
<eObjectEntry  timestamp='1361383362085' resUri='platform:/resource/ovinger/jex/ov5.jex' fragmentId='//@requirements.1/@requirements.0/@requirements.9' key='test run status' value='true'/>
<eObjectEntry  timestamp='1361383362087' resUri='platform:/resource/ovinger/jex/ov5.jex' fragmentId='//@requirements.1/@requirements.0/@requirements.10' key='test run status' value='true'/>
<eObjectEntry  timestamp='1361383362090' resUri='platform:/resource/ovinger/jex/ov5.jex' fragmentId='//@requirements.1/@requirements.0/@requirements.11' key='test run status' value='true'/>
<eObjectEntry  timestamp='1361383362094' resUri='platform:/resource/ovinger/jex/ov5.jex' fragmentId='//@requirements.1/@requirements.0/@requirements.12' key='test run status' value='true'/>
<eObjectEntry  timestamp='1361383362107' resUri='platform:/resource/ovinger/jex/ov5.jex' fragmentId='//@requirements.2/@requirements.0/@requirements.2' key='test run status' value='true'/>
<eObjectEntry  timestamp='1361383362119' resUri='platform:/resource/ovinger/jex/ov5.jex' fragmentId='//@requirements.2/@requirements.0/@requirements.3' key='test run status' value='true'/>
<eObjectEntry  timestamp='1361383362139' resUri='platform:/resource/ovinger/jex/ov5.jex' fragmentId='//@requirements.2/@requirements.0/@requirements.5' key='test run status' value='true'/>
<eObjectEntry  timestamp='1361383362157' resUri='platform:/resource/ovinger/jex/ov5.jex' fragmentId='//@requirements.3/@requirements.0/@requirements.4' key='test run status' value='true'/>
<eObjectEntry  timestamp='1361383362174' resUri='platform:/resource/ovinger/jex/ov5.jex' fragmentId='//@requirements.3/@requirements.0/@requirements.5' key='test run status' value='true'/>
<eObjectEntry  timestamp='1361383362190' resUri='platform:/resource/ovinger/jex/ov5.jex' fragmentId='//@requirements.3/@requirements.1/@requirements.3' key='test run status' value='true'/>
<eObjectEntry  timestamp='1361383362206' resUri='platform:/resource/ovinger/jex/ov5.jex' fragmentId='//@requirements.3/@requirements.1/@requirements.4' key='test run status' value='true'/>
<eObjectEntry  timestamp='1361383362210' resUri='platform:/resource/ovinger/jex/ov5.jex' fragmentId='//@requirements.3/@requirements.1/@requirements.6' key='test run status' value='false'/>
<eObjectEntry  timestamp='1361383432676' resUri='platform:/resource/ovinger/jex/ov5.jex' fragmentId='//@javaElements.0/@classes.0' key='junit test launch' value='AllTests'/>
<eObjectEntry  timestamp='1361383433772' resUri='platform:/resource/ovinger/jex/ov5.jex' fragmentId='//@requirements.0/@requirements.0/@requirements.3' key='test run status' value='true'/>
<eObjectEntry  timestamp='1361383433775' resUri='platform:/resource/ovinger/jex/ov5.jex' fragmentId='//@requirements.0/@requirements.0/@requirements.4' key='test run status' value='true'/>
<eObjectEntry  timestamp='1361383433780' resUri='platform:/resource/ovinger/jex/ov5.jex' fragmentId='//@requirements.0/@requirements.0/@requirements.7' key='test run status' value='true'/>
<eObjectEntry  timestamp='1361383433785' resUri='platform:/resource/ovinger/jex/ov5.jex' fragmentId='//@requirements.1/@requirements.0/@requirements.8' key='test run status' value='true'/>
<eObjectEntry  timestamp='1361383433790' resUri='platform:/resource/ovinger/jex/ov5.jex' fragmentId='//@requirements.1/@requirements.0/@requirements.9' key='test run status' value='true'/>
<eObjectEntry  timestamp='1361383433802' resUri='platform:/resource/ovinger/jex/ov5.jex' fragmentId='//@requirements.1/@requirements.0/@requirements.10' key='test run status' value='true'/>
<eObjectEntry  timestamp='1361383433805' resUri='platform:/resource/ovinger/jex/ov5.jex' fragmentId='//@requirements.1/@requirements.0/@requirements.11' key='test run status' value='true'/>
<eObjectEntry  timestamp='1361383433809' resUri='platform:/resource/ovinger/jex/ov5.jex' fragmentId='//@requirements.1/@requirements.0/@requirements.12' key='test run status' value='true'/>
<eObjectEntry  timestamp='1361383433812' resUri='platform:/resource/ovinger/jex/ov5.jex' fragmentId='//@requirements.2/@requirements.0/@requirements.2' key='test run status' value='true'/>
<eObjectEntry  timestamp='1361383433815' resUri='platform:/resource/ovinger/jex/ov5.jex' fragmentId='//@requirements.2/@requirements.0/@requirements.3' key='test run status' value='true'/>
<eObjectEntry  timestamp='1361383433818' resUri='platform:/resource/ovinger/jex/ov5.jex' fragmentId='//@requirements.2/@requirements.0/@requirements.5' key='test run status' value='true'/>
<eObjectEntry  timestamp='1361383433822' resUri='platform:/resource/ovinger/jex/ov5.jex' fragmentId='//@requirements.3/@requirements.0/@requirements.4' key='test run status' value='true'/>
<eObjectEntry  timestamp='1361383433849' resUri='platform:/resource/ovinger/jex/ov5.jex' fragmentId='//@requirements.3/@requirements.0/@requirements.5' key='test run status' value='true'/>
<eObjectEntry  timestamp='1361383433866' resUri='platform:/resource/ovinger/jex/ov5.jex' fragmentId='//@requirements.3/@requirements.1/@requirements.3' key='test run status' value='true'/>
<eObjectEntry  timestamp='1361383433888' resUri='platform:/resource/ovinger/jex/ov5.jex' fragmentId='//@requirements.3/@requirements.1/@requirements.4' key='test run status' value='true'/>
<eObjectEntry  timestamp='1361383433899' resUri='platform:/resource/ovinger/jex/ov5.jex' fragmentId='//@requirements.3/@requirements.1/@requirements.6' key='test run status' value='false'/>
<eObjectEntry  timestamp='1361383495988' resUri='platform:/resource/ovinger/jex/ov5.jex' fragmentId='//@javaElements.0/@classes.0' key='junit test launch' value='AllTests'/>
<eObjectEntry  timestamp='1361383497030' resUri='platform:/resource/ovinger/jex/ov5.jex' fragmentId='//@requirements.0/@requirements.0/@requirements.3' key='test run status' value='true'/>
<eObjectEntry  timestamp='1361383497035' resUri='platform:/resource/ovinger/jex/ov5.jex' fragmentId='//@requirements.0/@requirements.0/@requirements.4' key='test run status' value='true'/>
<eObjectEntry  timestamp='1361383497041' resUri='platform:/resource/ovinger/jex/ov5.jex' fragmentId='//@requirements.0/@requirements.0/@requirements.7' key='test run status' value='true'/>
<eObjectEntry  timestamp='1361383497045' resUri='platform:/resource/ovinger/jex/ov5.jex' fragmentId='//@requirements.1/@requirements.0/@requirements.8' key='test run status' value='true'/>
<eObjectEntry  timestamp='1361383497050' resUri='platform:/resource/ovinger/jex/ov5.jex' fragmentId='//@requirements.1/@requirements.0/@requirements.9' key='test run status' value='true'/>
<eObjectEntry  timestamp='1361383497055' resUri='platform:/resource/ovinger/jex/ov5.jex' fragmentId='//@requirements.1/@requirements.0/@requirements.10' key='test run status' value='true'/>
<eObjectEntry  timestamp='1361383497060' resUri='platform:/resource/ovinger/jex/ov5.jex' fragmentId='//@requirements.1/@requirements.0/@requirements.11' key='test run status' value='true'/>
<eObjectEntry  timestamp='1361383497065' resUri='platform:/resource/ovinger/jex/ov5.jex' fragmentId='//@requirements.1/@requirements.0/@requirements.12' key='test run status' value='true'/>
<eObjectEntry  timestamp='1361383497070' resUri='platform:/resource/ovinger/jex/ov5.jex' fragmentId='//@requirements.2/@requirements.0/@requirements.2' key='test run status' value='true'/>
<eObjectEntry  timestamp='1361383497094' resUri='platform:/resource/ovinger/jex/ov5.jex' fragmentId='//@requirements.2/@requirements.0/@requirements.3' key='test run status' value='true'/>
<eObjectEntry  timestamp='1361383497109' resUri='platform:/resource/ovinger/jex/ov5.jex' fragmentId='//@requirements.2/@requirements.0/@requirements.5' key='test run status' value='true'/>
<eObjectEntry  timestamp='1361383497113' resUri='platform:/resource/ovinger/jex/ov5.jex' fragmentId='//@requirements.3/@requirements.0/@requirements.4' key='test run status' value='true'/>
<eObjectEntry  timestamp='1361383497117' resUri='platform:/resource/ovinger/jex/ov5.jex' fragmentId='//@requirements.3/@requirements.0/@requirements.5' key='test run status' value='true'/>
<eObjectEntry  timestamp='1361383497122' resUri='platform:/resource/ovinger/jex/ov5.jex' fragmentId='//@requirements.3/@requirements.1/@requirements.3' key='test run status' value='true'/>
<eObjectEntry  timestamp='1361383497134' resUri='platform:/resource/ovinger/jex/ov5.jex' fragmentId='//@requirements.3/@requirements.1/@requirements.4' key='test run status' value='true'/>
<eObjectEntry  timestamp='1361383497154' resUri='platform:/resource/ovinger/jex/ov5.jex' fragmentId='//@requirements.3/@requirements.1/@requirements.6' key='test run status' value='false'/>
<eObjectEntry  timestamp='1361383509330' resUri='platform:/resource/ovinger/jex/ov5.jex' fragmentId='//@javaElements.0/@classes.0' key='junit test launch' value='AllTests'/>
<eObjectEntry  timestamp='1361383510309' resUri='platform:/resource/ovinger/jex/ov5.jex' fragmentId='//@requirements.0/@requirements.0/@requirements.3' key='test run status' value='true'/>
<eObjectEntry  timestamp='1361383510329' resUri='platform:/resource/ovinger/jex/ov5.jex' fragmentId='//@requirements.0/@requirements.0/@requirements.4' key='test run status' value='true'/>
<eObjectEntry  timestamp='1361383510334' resUri='platform:/resource/ovinger/jex/ov5.jex' fragmentId='//@requirements.0/@requirements.0/@requirements.7' key='test run status' value='true'/>
<eObjectEntry  timestamp='1361383510363' resUri='platform:/resource/ovinger/jex/ov5.jex' fragmentId='//@requirements.1/@requirements.0/@requirements.8' key='test run status' value='true'/>
<eObjectEntry  timestamp='1361383510383' resUri='platform:/resource/ovinger/jex/ov5.jex' fragmentId='//@requirements.1/@requirements.0/@requirements.9' key='test run status' value='true'/>
<eObjectEntry  timestamp='1361383510397' resUri='platform:/resource/ovinger/jex/ov5.jex' fragmentId='//@requirements.1/@requirements.0/@requirements.10' key='test run status' value='true'/>
<eObjectEntry  timestamp='1361383510412' resUri='platform:/resource/ovinger/jex/ov5.jex' fragmentId='//@requirements.1/@requirements.0/@requirements.11' key='test run status' value='true'/>
<eObjectEntry  timestamp='1361383510424' resUri='platform:/resource/ovinger/jex/ov5.jex' fragmentId='//@requirements.1/@requirements.0/@requirements.12' key='test run status' value='true'/>
<eObjectEntry  timestamp='1361383510443' resUri='platform:/resource/ovinger/jex/ov5.jex' fragmentId='//@requirements.2/@requirements.0/@requirements.2' key='test run status' value='true'/>
<eObjectEntry  timestamp='1361383510446' resUri='platform:/resource/ovinger/jex/ov5.jex' fragmentId='//@requirements.2/@requirements.0/@requirements.3' key='test run status' value='true'/>
<eObjectEntry  timestamp='1361383510449' resUri='platform:/resource/ovinger/jex/ov5.jex' fragmentId='//@requirements.2/@requirements.0/@requirements.5' key='test run status' value='true'/>
<eObjectEntry  timestamp='1361383510452' resUri='platform:/resource/ovinger/jex/ov5.jex' fragmentId='//@requirements.3/@requirements.0/@requirements.4' key='test run status' value='true'/>
<eObjectEntry  timestamp='1361383510455' resUri='platform:/resource/ovinger/jex/ov5.jex' fragmentId='//@requirements.3/@requirements.0/@requirements.5' key='test run status' value='true'/>
<eObjectEntry  timestamp='1361383510463' resUri='platform:/resource/ovinger/jex/ov5.jex' fragmentId='//@requirements.3/@requirements.1/@requirements.3' key='test run status' value='true'/>
<eObjectEntry  timestamp='1361383510468' resUri='platform:/resource/ovinger/jex/ov5.jex' fragmentId='//@requirements.3/@requirements.1/@requirements.4' key='test run status' value='true'/>
<eObjectEntry  timestamp='1361383510481' resUri='platform:/resource/ovinger/jex/ov5.jex' fragmentId='//@requirements.3/@requirements.1/@requirements.6' key='test run status' value='false'/>
<eObjectEntry  timestamp='1361383525130' resUri='platform:/resource/ovinger/jex/ov5.jex' fragmentId='//@javaElements.0/@classes.0' key='junit test launch' value='AllTests'/>
<eObjectEntry  timestamp='1361383526113' resUri='platform:/resource/ovinger/jex/ov5.jex' fragmentId='//@requirements.0/@requirements.0/@requirements.3' key='test run status' value='true'/>
<eObjectEntry  timestamp='1361383526118' resUri='platform:/resource/ovinger/jex/ov5.jex' fragmentId='//@requirements.0/@requirements.0/@requirements.4' key='test run status' value='true'/>
<eObjectEntry  timestamp='1361383526124' resUri='platform:/resource/ovinger/jex/ov5.jex' fragmentId='//@requirements.0/@requirements.0/@requirements.7' key='test run status' value='true'/>
<eObjectEntry  timestamp='1361383526129' resUri='platform:/resource/ovinger/jex/ov5.jex' fragmentId='//@requirements.1/@requirements.0/@requirements.8' key='test run status' value='true'/>
<eObjectEntry  timestamp='1361383526134' resUri='platform:/resource/ovinger/jex/ov5.jex' fragmentId='//@requirements.1/@requirements.0/@requirements.9' key='test run status' value='true'/>
<eObjectEntry  timestamp='1361383526141' resUri='platform:/resource/ovinger/jex/ov5.jex' fragmentId='//@requirements.1/@requirements.0/@requirements.10' key='test run status' value='true'/>
<eObjectEntry  timestamp='1361383526159' resUri='platform:/resource/ovinger/jex/ov5.jex' fragmentId='//@requirements.1/@requirements.0/@requirements.11' key='test run status' value='true'/>
<eObjectEntry  timestamp='1361383526164' resUri='platform:/resource/ovinger/jex/ov5.jex' fragmentId='//@requirements.1/@requirements.0/@requirements.12' key='test run status' value='true'/>
<eObjectEntry  timestamp='1361383526169' resUri='platform:/resource/ovinger/jex/ov5.jex' fragmentId='//@requirements.2/@requirements.0/@requirements.2' key='test run status' value='true'/>
<eObjectEntry  timestamp='1361383526174' resUri='platform:/resource/ovinger/jex/ov5.jex' fragmentId='//@requirements.2/@requirements.0/@requirements.3' key='test run status' value='true'/>
<eObjectEntry  timestamp='1361383526195' resUri='platform:/resource/ovinger/jex/ov5.jex' fragmentId='//@requirements.2/@requirements.0/@requirements.5' key='test run status' value='true'/>
<eObjectEntry  timestamp='1361383526199' resUri='platform:/resource/ovinger/jex/ov5.jex' fragmentId='//@requirements.3/@requirements.0/@requirements.4' key='test run status' value='true'/>
<eObjectEntry  timestamp='1361383526204' resUri='platform:/resource/ovinger/jex/ov5.jex' fragmentId='//@requirements.3/@requirements.0/@requirements.5' key='test run status' value='true'/>
<eObjectEntry  timestamp='1361383526209' resUri='platform:/resource/ovinger/jex/ov5.jex' fragmentId='//@requirements.3/@requirements.1/@requirements.3' key='test run status' value='true'/>
<eObjectEntry  timestamp='1361383526214' resUri='platform:/resource/ovinger/jex/ov5.jex' fragmentId='//@requirements.3/@requirements.1/@requirements.4' key='test run status' value='true'/>
<eObjectEntry  timestamp='1361383526229' resUri='platform:/resource/ovinger/jex/ov5.jex' fragmentId='//@requirements.3/@requirements.1/@requirements.6' key='test run status' value='false'/>
<eObjectEntry  timestamp='1361383562926' resUri='platform:/resource/ovinger/jex/ov5.jex' fragmentId='//@javaElements.0/@classes.0' key='junit test launch' value='AllTests'/>
<eObjectEntry  timestamp='1361383564156' resUri='platform:/resource/ovinger/jex/ov5.jex' fragmentId='//@requirements.0/@requirements.0/@requirements.3' key='test run status' value='true'/>
<eObjectEntry  timestamp='1361383564159' resUri='platform:/resource/ovinger/jex/ov5.jex' fragmentId='//@requirements.0/@requirements.0/@requirements.4' key='test run status' value='true'/>
<eObjectEntry  timestamp='1361383564166' resUri='platform:/resource/ovinger/jex/ov5.jex' fragmentId='//@requirements.0/@requirements.0/@requirements.7' key='test run status' value='true'/>
<eObjectEntry  timestamp='1361383564171' resUri='platform:/resource/ovinger/jex/ov5.jex' fragmentId='//@requirements.1/@requirements.0/@requirements.8' key='test run status' value='true'/>
<eObjectEntry  timestamp='1361383564176' resUri='platform:/resource/ovinger/jex/ov5.jex' fragmentId='//@requirements.1/@requirements.0/@requirements.9' key='test run status' value='true'/>
<eObjectEntry  timestamp='1361383564180' resUri='platform:/resource/ovinger/jex/ov5.jex' fragmentId='//@requirements.1/@requirements.0/@requirements.10' key='test run status' value='true'/>
<eObjectEntry  timestamp='1361383564193' resUri='platform:/resource/ovinger/jex/ov5.jex' fragmentId='//@requirements.1/@requirements.0/@requirements.11' key='test run status' value='true'/>
<eObjectEntry  timestamp='1361383564196' resUri='platform:/resource/ovinger/jex/ov5.jex' fragmentId='//@requirements.1/@requirements.0/@requirements.12' key='test run status' value='true'/>
<eObjectEntry  timestamp='1361383564200' resUri='platform:/resource/ovinger/jex/ov5.jex' fragmentId='//@requirements.2/@requirements.0/@requirements.2' key='test run status' value='true'/>
<eObjectEntry  timestamp='1361383564203' resUri='platform:/resource/ovinger/jex/ov5.jex' fragmentId='//@requirements.2/@requirements.0/@requirements.3' key='test run status' value='true'/>
<eObjectEntry  timestamp='1361383564206' resUri='platform:/resource/ovinger/jex/ov5.jex' fragmentId='//@requirements.2/@requirements.0/@requirements.5' key='test run status' value='true'/>
<eObjectEntry  timestamp='1361383564211' resUri='platform:/resource/ovinger/jex/ov5.jex' fragmentId='//@requirements.3/@requirements.0/@requirements.4' key='test run status' value='true'/>
<eObjectEntry  timestamp='1361383564231' resUri='platform:/resource/ovinger/jex/ov5.jex' fragmentId='//@requirements.3/@requirements.0/@requirements.5' key='test run status' value='true'/>
<eObjectEntry  timestamp='1361383564241' resUri='platform:/resource/ovinger/jex/ov5.jex' fragmentId='//@requirements.3/@requirements.1/@requirements.3' key='test run status' value='true'/>
<eObjectEntry  timestamp='1361383564246' resUri='platform:/resource/ovinger/jex/ov5.jex' fragmentId='//@requirements.3/@requirements.1/@requirements.4' key='test run status' value='true'/>
<eObjectEntry  timestamp='1361383564251' resUri='platform:/resource/ovinger/jex/ov5.jex' fragmentId='//@requirements.3/@requirements.1/@requirements.6' key='test run status' value='true'/>
<eResourceEntry  timestamp='1362501851293' resUri='platform:/resource/ovinger/jex/ov5.jex' key='resource selected' value='null'/>
<eObjectEntry  timestamp='1362501852203' resUri='platform:/resource/ovinger/jex/ov5.jex' fragmentId='//@javaElements.0/@classes.0' key='junit test launch' value='AllTests'/>
<eObjectEntry  timestamp='1362501853998' resUri='platform:/resource/ovinger/jex/ov5.jex' fragmentId='//@requirements.0/@requirements.0/@requirements.3' key='test run status' value='true'/>
<eObjectEntry  timestamp='1362501854006' resUri='platform:/resource/ovinger/jex/ov5.jex' fragmentId='//@requirements.0/@requirements.0/@requirements.4' key='test run status' value='true'/>
<eObjectEntry  timestamp='1362501854012' resUri='platform:/resource/ovinger/jex/ov5.jex' fragmentId='//@requirements.0/@requirements.0/@requirements.7' key='test run status' value='true'/>
<eObjectEntry  timestamp='1362501854018' resUri='platform:/resource/ovinger/jex/ov5.jex' fragmentId='//@requirements.1/@requirements.0/@requirements.8' key='test run status' value='true'/>
<eObjectEntry  timestamp='1362501854050' resUri='platform:/resource/ovinger/jex/ov5.jex' fragmentId='//@requirements.1/@requirements.0/@requirements.9' key='test run status' value='true'/>
<eObjectEntry  timestamp='1362501854064' resUri='platform:/resource/ovinger/jex/ov5.jex' fragmentId='//@requirements.1/@requirements.0/@requirements.10' key='test run status' value='true'/>
<eObjectEntry  timestamp='1362501854076' resUri='platform:/resource/ovinger/jex/ov5.jex' fragmentId='//@requirements.1/@requirements.0/@requirements.11' key='test run status' value='true'/>
<eObjectEntry  timestamp='1362501854111' resUri='platform:/resource/ovinger/jex/ov5.jex' fragmentId='//@requirements.1/@requirements.0/@requirements.12' key='test run status' value='true'/>
<eObjectEntry  timestamp='1362501854137' resUri='platform:/resource/ovinger/jex/ov5.jex' fragmentId='//@requirements.2/@requirements.0/@requirements.2' key='test run status' value='true'/>
<eObjectEntry  timestamp='1362501854155' resUri='platform:/resource/ovinger/jex/ov5.jex' fragmentId='//@requirements.2/@requirements.0/@requirements.3' key='test run status' value='true'/>
<eObjectEntry  timestamp='1362501854184' resUri='platform:/resource/ovinger/jex/ov5.jex' fragmentId='//@requirements.2/@requirements.0/@requirements.5' key='test run status' value='true'/>
<eObjectEntry  timestamp='1362501854206' resUri='platform:/resource/ovinger/jex/ov5.jex' fragmentId='//@requirements.3/@requirements.0/@requirements.4' key='test run status' value='true'/>
<eObjectEntry  timestamp='1362501854223' resUri='platform:/resource/ovinger/jex/ov5.jex' fragmentId='//@requirements.3/@requirements.0/@requirements.5' key='test run status' value='true'/>
<eObjectEntry  timestamp='1362501854237' resUri='platform:/resource/ovinger/jex/ov5.jex' fragmentId='//@requirements.3/@requirements.1/@requirements.3' key='test run status' value='true'/>
<eObjectEntry  timestamp='1362501854252' resUri='platform:/resource/ovinger/jex/ov5.jex' fragmentId='//@requirements.3/@requirements.1/@requirements.4' key='test run status' value='true'/>
<eObjectEntry  timestamp='1362501854256' resUri='platform:/resource/ovinger/jex/ov5.jex' fragmentId='//@requirements.3/@requirements.1/@requirements.6' key='test run status' value='true'/>
<eObjectEntry  timestamp='1362501889682' resUri='platform:/resource/ovinger/jex/ov5.jex' fragmentId='//@javaElements.0/@classes.0' key='junit test launch' value='AllTests'/>
<eObjectEntry  timestamp='1362501890816' resUri='platform:/resource/ovinger/jex/ov5.jex' fragmentId='//@requirements.0/@requirements.0/@requirements.3' key='test run status' value='true'/>
<eObjectEntry  timestamp='1362501890825' resUri='platform:/resource/ovinger/jex/ov5.jex' fragmentId='//@requirements.0/@requirements.0/@requirements.4' key='test run status' value='true'/>
<eObjectEntry  timestamp='1362501890829' resUri='platform:/resource/ovinger/jex/ov5.jex' fragmentId='//@requirements.0/@requirements.0/@requirements.7' key='test run status' value='true'/>
<eObjectEntry  timestamp='1362501890833' resUri='platform:/resource/ovinger/jex/ov5.jex' fragmentId='//@requirements.1/@requirements.0/@requirements.8' key='test run status' value='true'/>
<eObjectEntry  timestamp='1362501890836' resUri='platform:/resource/ovinger/jex/ov5.jex' fragmentId='//@requirements.1/@requirements.0/@requirements.9' key='test run status' value='true'/>
<eObjectEntry  timestamp='1362501890841' resUri='platform:/resource/ovinger/jex/ov5.jex' fragmentId='//@requirements.1/@requirements.0/@requirements.10' key='test run status' value='true'/>
<eObjectEntry  timestamp='1362501890845' resUri='platform:/resource/ovinger/jex/ov5.jex' fragmentId='//@requirements.1/@requirements.0/@requirements.11' key='test run status' value='true'/>
<eObjectEntry  timestamp='1362501890850' resUri='platform:/resource/ovinger/jex/ov5.jex' fragmentId='//@requirements.1/@requirements.0/@requirements.12' key='test run status' value='true'/>
<eObjectEntry  timestamp='1362501890854' resUri='platform:/resource/ovinger/jex/ov5.jex' fragmentId='//@requirements.2/@requirements.0/@requirements.2' key='test run status' value='true'/>
<eObjectEntry  timestamp='1362501890858' resUri='platform:/resource/ovinger/jex/ov5.jex' fragmentId='//@requirements.2/@requirements.0/@requirements.3' key='test run status' value='true'/>
<eObjectEntry  timestamp='1362501890863' resUri='platform:/resource/ovinger/jex/ov5.jex' fragmentId='//@requirements.2/@requirements.0/@requirements.5' key='test run status' value='false'/>
<eObjectEntry  timestamp='1362501890867' resUri='platform:/resource/ovinger/jex/ov5.jex' fragmentId='//@requirements.3/@requirements.0/@requirements.4' key='test run status' value='true'/>
<eObjectEntry  timestamp='1362501890871' resUri='platform:/resource/ovinger/jex/ov5.jex' fragmentId='//@requirements.3/@requirements.0/@requirements.5' key='test run status' value='true'/>
<eObjectEntry  timestamp='1362501890904' resUri='platform:/resource/ovinger/jex/ov5.jex' fragmentId='//@requirements.3/@requirements.1/@requirements.3' key='test run status' value='true'/>
<eObjectEntry  timestamp='1362501890914' resUri='platform:/resource/ovinger/jex/ov5.jex' fragmentId='//@requirements.3/@requirements.1/@requirements.4' key='test run status' value='true'/>
<eObjectEntry  timestamp='1362501890924' resUri='platform:/resource/ovinger/jex/ov5.jex' fragmentId='//@requirements.3/@requirements.1/@requirements.6' key='test run status' value='true'/>
<eObjectEntry  timestamp='1362501934204' resUri='platform:/resource/ovinger/jex/ov5.jex' fragmentId='//@javaElements.0/@classes.0' key='junit test launch' value='AllTests'/>
<eObjectEntry  timestamp='1362501934996' resUri='platform:/resource/ovinger/jex/ov5.jex' fragmentId='//@requirements.0/@requirements.0/@requirements.3' key='test run status' value='true'/>
<eObjectEntry  timestamp='1362501935000' resUri='platform:/resource/ovinger/jex/ov5.jex' fragmentId='//@requirements.0/@requirements.0/@requirements.4' key='test run status' value='true'/>
<eObjectEntry  timestamp='1362501935004' resUri='platform:/resource/ovinger/jex/ov5.jex' fragmentId='//@requirements.0/@requirements.0/@requirements.7' key='test run status' value='true'/>
<eObjectEntry  timestamp='1362501935008' resUri='platform:/resource/ovinger/jex/ov5.jex' fragmentId='//@requirements.1/@requirements.0/@requirements.8' key='test run status' value='true'/>
<eObjectEntry  timestamp='1362501935012' resUri='platform:/resource/ovinger/jex/ov5.jex' fragmentId='//@requirements.1/@requirements.0/@requirements.9' key='test run status' value='true'/>
<eObjectEntry  timestamp='1362501935016' resUri='platform:/resource/ovinger/jex/ov5.jex' fragmentId='//@requirements.1/@requirements.0/@requirements.10' key='test run status' value='true'/>
<eObjectEntry  timestamp='1362501935020' resUri='platform:/resource/ovinger/jex/ov5.jex' fragmentId='//@requirements.1/@requirements.0/@requirements.11' key='test run status' value='true'/>
<eObjectEntry  timestamp='1362501935024' resUri='platform:/resource/ovinger/jex/ov5.jex' fragmentId='//@requirements.1/@requirements.0/@requirements.12' key='test run status' value='true'/>
<eObjectEntry  timestamp='1362501935028' resUri='platform:/resource/ovinger/jex/ov5.jex' fragmentId='//@requirements.2/@requirements.0/@requirements.2' key='test run status' value='true'/>
<eObjectEntry  timestamp='1362501935050' resUri='platform:/resource/ovinger/jex/ov5.jex' fragmentId='//@requirements.2/@requirements.0/@requirements.3' key='test run status' value='true'/>
<eObjectEntry  timestamp='1362501935070' resUri='platform:/resource/ovinger/jex/ov5.jex' fragmentId='//@requirements.2/@requirements.0/@requirements.5' key='test run status' value='true'/>
<eObjectEntry  timestamp='1362501935074' resUri='platform:/resource/ovinger/jex/ov5.jex' fragmentId='//@requirements.3/@requirements.0/@requirements.4' key='test run status' value='true'/>
<eObjectEntry  timestamp='1362501935079' resUri='platform:/resource/ovinger/jex/ov5.jex' fragmentId='//@requirements.3/@requirements.0/@requirements.5' key='test run status' value='true'/>
<eObjectEntry  timestamp='1362501935083' resUri='platform:/resource/ovinger/jex/ov5.jex' fragmentId='//@requirements.3/@requirements.1/@requirements.3' key='test run status' value='true'/>
<eObjectEntry  timestamp='1362501935087' resUri='platform:/resource/ovinger/jex/ov5.jex' fragmentId='//@requirements.3/@requirements.1/@requirements.4' key='test run status' value='true'/>
<eObjectEntry  timestamp='1362501935092' resUri='platform:/resource/ovinger/jex/ov5.jex' fragmentId='//@requirements.3/@requirements.1/@requirements.6' key='test run status' value='true'/>
