<eResourceEntry  timestamp='1362502733132' resUri='platform:/resource/ovinger/jex/ov6.jex' key='resource selected' value='null'/>
<eObjectEntry  timestamp='1362503158706' resUri='platform:/resource/ovinger/jex/ov6.jex' fragmentId='//@javaElements.0/@classes.9' key='junit test launch' value='AllTests'/>
<eObjectEntry  timestamp='1362503159480' resUri='platform:/resource/ovinger/jex/ov6.jex' fragmentId='//@requirements.0/@requirements.1' key='test run status' value='false'/>
<eObjectEntry  timestamp='1362503159481' resUri='platform:/resource/ovinger/jex/ov6.jex' fragmentId='//@requirements.0/@requirements.1/@requirements.0' key='test run status' value='false'/>
<eObjectEntry  timestamp='1362503159482' resUri='platform:/resource/ovinger/jex/ov6.jex' fragmentId='//@requirements.0/@requirements.1/@requirements.1' key='test run status' value='false'/>
<eObjectEntry  timestamp='1362503159484' resUri='platform:/resource/ovinger/jex/ov6.jex' fragmentId='//@requirements.0/@requirements.1/@requirements.2' key='test run status' value='false'/>
<eObjectEntry  timestamp='1362503159485' resUri='platform:/resource/ovinger/jex/ov6.jex' fragmentId='//@requirements.0/@requirements.1/@requirements.3' key='test run status' value='false'/>
<eObjectEntry  timestamp='1362503159486' resUri='platform:/resource/ovinger/jex/ov6.jex' fragmentId='//@requirements.1/@requirements.2' key='test run status' value='false'/>
<eObjectEntry  timestamp='1362503159487' resUri='platform:/resource/ovinger/jex/ov6.jex' fragmentId='//@requirements.1/@requirements.2/@requirements.0' key='test run status' value='false'/>
<eObjectEntry  timestamp='1362503159488' resUri='platform:/resource/ovinger/jex/ov6.jex' fragmentId='//@requirements.1/@requirements.2/@requirements.1' key='test run status' value='false'/>
<eObjectEntry  timestamp='1362503159489' resUri='platform:/resource/ovinger/jex/ov6.jex' fragmentId='//@requirements.1/@requirements.2/@requirements.2' key='test run status' value='false'/>
<eObjectEntry  timestamp='1362503159490' resUri='platform:/resource/ovinger/jex/ov6.jex' fragmentId='//@requirements.1/@requirements.2/@requirements.3' key='test run status' value='false'/>
<eObjectEntry  timestamp='1362503159496' resUri='platform:/resource/ovinger/jex/ov6.jex' fragmentId='//@requirements.1/@requirements.2/@requirements.4' key='test run status' value='false'/>
<eObjectEntry  timestamp='1362503159518' resUri='platform:/resource/ovinger/jex/ov6.jex' fragmentId='//@requirements.1/@requirements.4' key='test run status' value='false'/>
<eObjectEntry  timestamp='1362503159520' resUri='platform:/resource/ovinger/jex/ov6.jex' fragmentId='//@requirements.1/@requirements.4/@requirements.0' key='test run status' value='false'/>
<eObjectEntry  timestamp='1362503159521' resUri='platform:/resource/ovinger/jex/ov6.jex' fragmentId='//@requirements.1/@requirements.4/@requirements.1' key='test run status' value='false'/>
<eObjectEntry  timestamp='1362503159522' resUri='platform:/resource/ovinger/jex/ov6.jex' fragmentId='//@requirements.1/@requirements.4/@requirements.2' key='test run status' value='false'/>
<eObjectEntry  timestamp='1362503159523' resUri='platform:/resource/ovinger/jex/ov6.jex' fragmentId='//@requirements.1/@requirements.4/@requirements.3' key='test run status' value='false'/>
<eObjectEntry  timestamp='1362503159524' resUri='platform:/resource/ovinger/jex/ov6.jex' fragmentId='//@requirements.1/@requirements.4/@requirements.4' key='test run status' value='false'/>
<eObjectEntry  timestamp='1362503159525' resUri='platform:/resource/ovinger/jex/ov6.jex' fragmentId='//@requirements.1/@requirements.4/@requirements.5' key='test run status' value='false'/>
<eObjectEntry  timestamp='1362503159526' resUri='platform:/resource/ovinger/jex/ov6.jex' fragmentId='//@requirements.1/@requirements.6' key='test run status' value='false'/>
<eObjectEntry  timestamp='1362503159528' resUri='platform:/resource/ovinger/jex/ov6.jex' fragmentId='//@requirements.1/@requirements.6/@requirements.0' key='test run status' value='false'/>
<eObjectEntry  timestamp='1362503159529' resUri='platform:/resource/ovinger/jex/ov6.jex' fragmentId='//@requirements.1/@requirements.6/@requirements.1' key='test run status' value='false'/>
<eObjectEntry  timestamp='1362503159530' resUri='platform:/resource/ovinger/jex/ov6.jex' fragmentId='//@requirements.1/@requirements.6/@requirements.2' key='test run status' value='false'/>
<eObjectEntry  timestamp='1362503159531' resUri='platform:/resource/ovinger/jex/ov6.jex' fragmentId='//@requirements.1/@requirements.6/@requirements.3' key='test run status' value='false'/>
<eObjectEntry  timestamp='1362503282189' resUri='platform:/resource/ovinger/jex/ov6.jex' fragmentId='//@javaElements.0/@classes.9' key='junit test launch' value='AllTests'/>
<eObjectEntry  timestamp='1362503282817' resUri='platform:/resource/ovinger/jex/ov6.jex' fragmentId='//@requirements.0/@requirements.1' key='test run status' value='false'/>
<eObjectEntry  timestamp='1362503282818' resUri='platform:/resource/ovinger/jex/ov6.jex' fragmentId='//@requirements.0/@requirements.1/@requirements.0' key='test run status' value='true'/>
<eObjectEntry  timestamp='1362503282819' resUri='platform:/resource/ovinger/jex/ov6.jex' fragmentId='//@requirements.0/@requirements.1/@requirements.1' key='test run status' value='true'/>
<eObjectEntry  timestamp='1362503282821' resUri='platform:/resource/ovinger/jex/ov6.jex' fragmentId='//@requirements.0/@requirements.1/@requirements.2' key='test run status' value='true'/>
<eObjectEntry  timestamp='1362503282822' resUri='platform:/resource/ovinger/jex/ov6.jex' fragmentId='//@requirements.0/@requirements.1/@requirements.3' key='test run status' value='false'/>
<eObjectEntry  timestamp='1362503282824' resUri='platform:/resource/ovinger/jex/ov6.jex' fragmentId='//@requirements.1/@requirements.2' key='test run status' value='false'/>
<eObjectEntry  timestamp='1362503282825' resUri='platform:/resource/ovinger/jex/ov6.jex' fragmentId='//@requirements.1/@requirements.2/@requirements.0' key='test run status' value='false'/>
<eObjectEntry  timestamp='1362503282826' resUri='platform:/resource/ovinger/jex/ov6.jex' fragmentId='//@requirements.1/@requirements.2/@requirements.1' key='test run status' value='false'/>
<eObjectEntry  timestamp='1362503282827' resUri='platform:/resource/ovinger/jex/ov6.jex' fragmentId='//@requirements.1/@requirements.2/@requirements.2' key='test run status' value='false'/>
<eObjectEntry  timestamp='1362503282828' resUri='platform:/resource/ovinger/jex/ov6.jex' fragmentId='//@requirements.1/@requirements.2/@requirements.3' key='test run status' value='false'/>
<eObjectEntry  timestamp='1362503282829' resUri='platform:/resource/ovinger/jex/ov6.jex' fragmentId='//@requirements.1/@requirements.2/@requirements.4' key='test run status' value='false'/>
<eObjectEntry  timestamp='1362503282830' resUri='platform:/resource/ovinger/jex/ov6.jex' fragmentId='//@requirements.1/@requirements.4' key='test run status' value='false'/>
<eObjectEntry  timestamp='1362503282831' resUri='platform:/resource/ovinger/jex/ov6.jex' fragmentId='//@requirements.1/@requirements.4/@requirements.0' key='test run status' value='false'/>
<eObjectEntry  timestamp='1362503282832' resUri='platform:/resource/ovinger/jex/ov6.jex' fragmentId='//@requirements.1/@requirements.4/@requirements.1' key='test run status' value='false'/>
<eObjectEntry  timestamp='1362503282833' resUri='platform:/resource/ovinger/jex/ov6.jex' fragmentId='//@requirements.1/@requirements.4/@requirements.2' key='test run status' value='false'/>
<eObjectEntry  timestamp='1362503282834' resUri='platform:/resource/ovinger/jex/ov6.jex' fragmentId='//@requirements.1/@requirements.4/@requirements.3' key='test run status' value='false'/>
<eObjectEntry  timestamp='1362503282835' resUri='platform:/resource/ovinger/jex/ov6.jex' fragmentId='//@requirements.1/@requirements.4/@requirements.4' key='test run status' value='false'/>
<eObjectEntry  timestamp='1362503282836' resUri='platform:/resource/ovinger/jex/ov6.jex' fragmentId='//@requirements.1/@requirements.4/@requirements.5' key='test run status' value='false'/>
<eObjectEntry  timestamp='1362503282836' resUri='platform:/resource/ovinger/jex/ov6.jex' fragmentId='//@requirements.1/@requirements.6' key='test run status' value='false'/>
<eObjectEntry  timestamp='1362503282837' resUri='platform:/resource/ovinger/jex/ov6.jex' fragmentId='//@requirements.1/@requirements.6/@requirements.0' key='test run status' value='false'/>
<eObjectEntry  timestamp='1362503282838' resUri='platform:/resource/ovinger/jex/ov6.jex' fragmentId='//@requirements.1/@requirements.6/@requirements.1' key='test run status' value='false'/>
<eObjectEntry  timestamp='1362503282839' resUri='platform:/resource/ovinger/jex/ov6.jex' fragmentId='//@requirements.1/@requirements.6/@requirements.2' key='test run status' value='false'/>
<eObjectEntry  timestamp='1362503282840' resUri='platform:/resource/ovinger/jex/ov6.jex' fragmentId='//@requirements.1/@requirements.6/@requirements.3' key='test run status' value='false'/>
<eObjectEntry  timestamp='1362503305494' resUri='platform:/resource/ovinger/jex/ov6.jex' fragmentId='//@javaElements.0/@classes.9' key='junit test launch' value='AllTests'/>
<eObjectEntry  timestamp='1362503306113' resUri='platform:/resource/ovinger/jex/ov6.jex' fragmentId='//@requirements.0/@requirements.1' key='test run status' value='false'/>
<eObjectEntry  timestamp='1362503306114' resUri='platform:/resource/ovinger/jex/ov6.jex' fragmentId='//@requirements.0/@requirements.1/@requirements.0' key='test run status' value='true'/>
<eObjectEntry  timestamp='1362503306114' resUri='platform:/resource/ovinger/jex/ov6.jex' fragmentId='//@requirements.0/@requirements.1/@requirements.1' key='test run status' value='true'/>
<eObjectEntry  timestamp='1362503306117' resUri='platform:/resource/ovinger/jex/ov6.jex' fragmentId='//@requirements.0/@requirements.1/@requirements.2' key='test run status' value='true'/>
<eObjectEntry  timestamp='1362503306118' resUri='platform:/resource/ovinger/jex/ov6.jex' fragmentId='//@requirements.0/@requirements.1/@requirements.3' key='test run status' value='false'/>
<eObjectEntry  timestamp='1362503306119' resUri='platform:/resource/ovinger/jex/ov6.jex' fragmentId='//@requirements.1/@requirements.2' key='test run status' value='false'/>
<eObjectEntry  timestamp='1362503306120' resUri='platform:/resource/ovinger/jex/ov6.jex' fragmentId='//@requirements.1/@requirements.2/@requirements.0' key='test run status' value='false'/>
<eObjectEntry  timestamp='1362503306120' resUri='platform:/resource/ovinger/jex/ov6.jex' fragmentId='//@requirements.1/@requirements.2/@requirements.1' key='test run status' value='false'/>
<eObjectEntry  timestamp='1362503306121' resUri='platform:/resource/ovinger/jex/ov6.jex' fragmentId='//@requirements.1/@requirements.2/@requirements.2' key='test run status' value='false'/>
<eObjectEntry  timestamp='1362503306122' resUri='platform:/resource/ovinger/jex/ov6.jex' fragmentId='//@requirements.1/@requirements.2/@requirements.3' key='test run status' value='false'/>
<eObjectEntry  timestamp='1362503306122' resUri='platform:/resource/ovinger/jex/ov6.jex' fragmentId='//@requirements.1/@requirements.2/@requirements.4' key='test run status' value='false'/>
<eObjectEntry  timestamp='1362503306123' resUri='platform:/resource/ovinger/jex/ov6.jex' fragmentId='//@requirements.1/@requirements.4' key='test run status' value='false'/>
<eObjectEntry  timestamp='1362503306124' resUri='platform:/resource/ovinger/jex/ov6.jex' fragmentId='//@requirements.1/@requirements.4/@requirements.0' key='test run status' value='false'/>
<eObjectEntry  timestamp='1362503306124' resUri='platform:/resource/ovinger/jex/ov6.jex' fragmentId='//@requirements.1/@requirements.4/@requirements.1' key='test run status' value='false'/>
<eObjectEntry  timestamp='1362503306125' resUri='platform:/resource/ovinger/jex/ov6.jex' fragmentId='//@requirements.1/@requirements.4/@requirements.2' key='test run status' value='false'/>
<eObjectEntry  timestamp='1362503306125' resUri='platform:/resource/ovinger/jex/ov6.jex' fragmentId='//@requirements.1/@requirements.4/@requirements.3' key='test run status' value='false'/>
<eObjectEntry  timestamp='1362503306126' resUri='platform:/resource/ovinger/jex/ov6.jex' fragmentId='//@requirements.1/@requirements.4/@requirements.4' key='test run status' value='false'/>
<eObjectEntry  timestamp='1362503306126' resUri='platform:/resource/ovinger/jex/ov6.jex' fragmentId='//@requirements.1/@requirements.4/@requirements.5' key='test run status' value='false'/>
<eObjectEntry  timestamp='1362503306127' resUri='platform:/resource/ovinger/jex/ov6.jex' fragmentId='//@requirements.1/@requirements.6' key='test run status' value='false'/>
<eObjectEntry  timestamp='1362503306127' resUri='platform:/resource/ovinger/jex/ov6.jex' fragmentId='//@requirements.1/@requirements.6/@requirements.0' key='test run status' value='false'/>
<eObjectEntry  timestamp='1362503306128' resUri='platform:/resource/ovinger/jex/ov6.jex' fragmentId='//@requirements.1/@requirements.6/@requirements.1' key='test run status' value='false'/>
<eObjectEntry  timestamp='1362503306129' resUri='platform:/resource/ovinger/jex/ov6.jex' fragmentId='//@requirements.1/@requirements.6/@requirements.2' key='test run status' value='false'/>
<eObjectEntry  timestamp='1362503306129' resUri='platform:/resource/ovinger/jex/ov6.jex' fragmentId='//@requirements.1/@requirements.6/@requirements.3' key='test run status' value='false'/>
<eObjectEntry  timestamp='1362503450651' resUri='platform:/resource/ovinger/jex/ov6.jex' fragmentId='//@javaElements.0/@classes.9' key='junit test launch' value='AllTests'/>
<eObjectEntry  timestamp='1362503451590' resUri='platform:/resource/ovinger/jex/ov6.jex' fragmentId='//@requirements.0/@requirements.1' key='test run status' value='false'/>
<eObjectEntry  timestamp='1362503451591' resUri='platform:/resource/ovinger/jex/ov6.jex' fragmentId='//@requirements.0/@requirements.1/@requirements.0' key='test run status' value='true'/>
<eObjectEntry  timestamp='1362503451592' resUri='platform:/resource/ovinger/jex/ov6.jex' fragmentId='//@requirements.0/@requirements.1/@requirements.1' key='test run status' value='true'/>
<eObjectEntry  timestamp='1362503451593' resUri='platform:/resource/ovinger/jex/ov6.jex' fragmentId='//@requirements.0/@requirements.1/@requirements.2' key='test run status' value='true'/>
<eObjectEntry  timestamp='1362503451594' resUri='platform:/resource/ovinger/jex/ov6.jex' fragmentId='//@requirements.0/@requirements.1/@requirements.3' key='test run status' value='false'/>
<eObjectEntry  timestamp='1362503451600' resUri='platform:/resource/ovinger/jex/ov6.jex' fragmentId='//@requirements.1/@requirements.2' key='test run status' value='false'/>
<eObjectEntry  timestamp='1362503451601' resUri='platform:/resource/ovinger/jex/ov6.jex' fragmentId='//@requirements.1/@requirements.2/@requirements.0' key='test run status' value='false'/>
<eObjectEntry  timestamp='1362503451602' resUri='platform:/resource/ovinger/jex/ov6.jex' fragmentId='//@requirements.1/@requirements.2/@requirements.1' key='test run status' value='false'/>
<eObjectEntry  timestamp='1362503451603' resUri='platform:/resource/ovinger/jex/ov6.jex' fragmentId='//@requirements.1/@requirements.2/@requirements.2' key='test run status' value='false'/>
<eObjectEntry  timestamp='1362503451604' resUri='platform:/resource/ovinger/jex/ov6.jex' fragmentId='//@requirements.1/@requirements.2/@requirements.3' key='test run status' value='false'/>
<eObjectEntry  timestamp='1362503451605' resUri='platform:/resource/ovinger/jex/ov6.jex' fragmentId='//@requirements.1/@requirements.2/@requirements.4' key='test run status' value='false'/>
<eObjectEntry  timestamp='1362503451606' resUri='platform:/resource/ovinger/jex/ov6.jex' fragmentId='//@requirements.1/@requirements.4' key='test run status' value='false'/>
<eObjectEntry  timestamp='1362503451608' resUri='platform:/resource/ovinger/jex/ov6.jex' fragmentId='//@requirements.1/@requirements.4/@requirements.0' key='test run status' value='false'/>
<eObjectEntry  timestamp='1362503451610' resUri='platform:/resource/ovinger/jex/ov6.jex' fragmentId='//@requirements.1/@requirements.4/@requirements.1' key='test run status' value='false'/>
<eObjectEntry  timestamp='1362503451611' resUri='platform:/resource/ovinger/jex/ov6.jex' fragmentId='//@requirements.1/@requirements.4/@requirements.2' key='test run status' value='false'/>
<eObjectEntry  timestamp='1362503451612' resUri='platform:/resource/ovinger/jex/ov6.jex' fragmentId='//@requirements.1/@requirements.4/@requirements.3' key='test run status' value='false'/>
<eObjectEntry  timestamp='1362503451613' resUri='platform:/resource/ovinger/jex/ov6.jex' fragmentId='//@requirements.1/@requirements.4/@requirements.4' key='test run status' value='false'/>
<eObjectEntry  timestamp='1362503451614' resUri='platform:/resource/ovinger/jex/ov6.jex' fragmentId='//@requirements.1/@requirements.4/@requirements.5' key='test run status' value='false'/>
<eObjectEntry  timestamp='1362503451615' resUri='platform:/resource/ovinger/jex/ov6.jex' fragmentId='//@requirements.1/@requirements.6' key='test run status' value='false'/>
<eObjectEntry  timestamp='1362503451616' resUri='platform:/resource/ovinger/jex/ov6.jex' fragmentId='//@requirements.1/@requirements.6/@requirements.0' key='test run status' value='false'/>
<eObjectEntry  timestamp='1362503451617' resUri='platform:/resource/ovinger/jex/ov6.jex' fragmentId='//@requirements.1/@requirements.6/@requirements.1' key='test run status' value='false'/>
<eObjectEntry  timestamp='1362503451618' resUri='platform:/resource/ovinger/jex/ov6.jex' fragmentId='//@requirements.1/@requirements.6/@requirements.2' key='test run status' value='false'/>
<eObjectEntry  timestamp='1362503451619' resUri='platform:/resource/ovinger/jex/ov6.jex' fragmentId='//@requirements.1/@requirements.6/@requirements.3' key='test run status' value='false'/>
<eObjectEntry  timestamp='1362505331161' resUri='platform:/resource/ovinger/jex/ov6.jex' fragmentId='//@javaElements.0/@classes.9' key='junit test launch' value='AllTests'/>
<eObjectEntry  timestamp='1362505331855' resUri='platform:/resource/ovinger/jex/ov6.jex' fragmentId='//@requirements.0/@requirements.1' key='test run status' value='false'/>
<eObjectEntry  timestamp='1362505331856' resUri='platform:/resource/ovinger/jex/ov6.jex' fragmentId='//@requirements.0/@requirements.1/@requirements.0' key='test run status' value='true'/>
<eObjectEntry  timestamp='1362505331857' resUri='platform:/resource/ovinger/jex/ov6.jex' fragmentId='//@requirements.0/@requirements.1/@requirements.1' key='test run status' value='true'/>
<eObjectEntry  timestamp='1362505331859' resUri='platform:/resource/ovinger/jex/ov6.jex' fragmentId='//@requirements.0/@requirements.1/@requirements.2' key='test run status' value='true'/>
<eObjectEntry  timestamp='1362505331860' resUri='platform:/resource/ovinger/jex/ov6.jex' fragmentId='//@requirements.0/@requirements.1/@requirements.3' key='test run status' value='false'/>
<eObjectEntry  timestamp='1362505331861' resUri='platform:/resource/ovinger/jex/ov6.jex' fragmentId='//@requirements.1/@requirements.2' key='test run status' value='false'/>
<eObjectEntry  timestamp='1362505331862' resUri='platform:/resource/ovinger/jex/ov6.jex' fragmentId='//@requirements.1/@requirements.2/@requirements.0' key='test run status' value='false'/>
<eObjectEntry  timestamp='1362505331863' resUri='platform:/resource/ovinger/jex/ov6.jex' fragmentId='//@requirements.1/@requirements.2/@requirements.1' key='test run status' value='false'/>
<eObjectEntry  timestamp='1362505331864' resUri='platform:/resource/ovinger/jex/ov6.jex' fragmentId='//@requirements.1/@requirements.2/@requirements.2' key='test run status' value='false'/>
<eObjectEntry  timestamp='1362505331865' resUri='platform:/resource/ovinger/jex/ov6.jex' fragmentId='//@requirements.1/@requirements.2/@requirements.3' key='test run status' value='false'/>
<eObjectEntry  timestamp='1362505331866' resUri='platform:/resource/ovinger/jex/ov6.jex' fragmentId='//@requirements.1/@requirements.2/@requirements.4' key='test run status' value='false'/>
<eObjectEntry  timestamp='1362505331867' resUri='platform:/resource/ovinger/jex/ov6.jex' fragmentId='//@requirements.1/@requirements.4' key='test run status' value='false'/>
<eObjectEntry  timestamp='1362505331868' resUri='platform:/resource/ovinger/jex/ov6.jex' fragmentId='//@requirements.1/@requirements.4/@requirements.0' key='test run status' value='false'/>
<eObjectEntry  timestamp='1362505331869' resUri='platform:/resource/ovinger/jex/ov6.jex' fragmentId='//@requirements.1/@requirements.4/@requirements.1' key='test run status' value='false'/>
<eObjectEntry  timestamp='1362505331871' resUri='platform:/resource/ovinger/jex/ov6.jex' fragmentId='//@requirements.1/@requirements.4/@requirements.2' key='test run status' value='false'/>
<eObjectEntry  timestamp='1362505331872' resUri='platform:/resource/ovinger/jex/ov6.jex' fragmentId='//@requirements.1/@requirements.4/@requirements.3' key='test run status' value='false'/>
<eObjectEntry  timestamp='1362505331873' resUri='platform:/resource/ovinger/jex/ov6.jex' fragmentId='//@requirements.1/@requirements.4/@requirements.4' key='test run status' value='false'/>
<eObjectEntry  timestamp='1362505331874' resUri='platform:/resource/ovinger/jex/ov6.jex' fragmentId='//@requirements.1/@requirements.4/@requirements.5' key='test run status' value='false'/>
<eObjectEntry  timestamp='1362505331875' resUri='platform:/resource/ovinger/jex/ov6.jex' fragmentId='//@requirements.1/@requirements.6' key='test run status' value='false'/>
<eObjectEntry  timestamp='1362505331876' resUri='platform:/resource/ovinger/jex/ov6.jex' fragmentId='//@requirements.1/@requirements.6/@requirements.0' key='test run status' value='false'/>
<eObjectEntry  timestamp='1362505331877' resUri='platform:/resource/ovinger/jex/ov6.jex' fragmentId='//@requirements.1/@requirements.6/@requirements.1' key='test run status' value='false'/>
<eObjectEntry  timestamp='1362505331878' resUri='platform:/resource/ovinger/jex/ov6.jex' fragmentId='//@requirements.1/@requirements.6/@requirements.2' key='test run status' value='false'/>
<eObjectEntry  timestamp='1362505331879' resUri='platform:/resource/ovinger/jex/ov6.jex' fragmentId='//@requirements.1/@requirements.6/@requirements.3' key='test run status' value='false'/>
<eObjectEntry  timestamp='1362506068888' resUri='platform:/resource/ovinger/jex/ov6.jex' fragmentId='//@javaElements.0/@classes.9' key='junit test launch' value='AllTests'/>
<eObjectEntry  timestamp='1362506069621' resUri='platform:/resource/ovinger/jex/ov6.jex' fragmentId='//@requirements.0/@requirements.1' key='test run status' value='false'/>
<eObjectEntry  timestamp='1362506069622' resUri='platform:/resource/ovinger/jex/ov6.jex' fragmentId='//@requirements.0/@requirements.1/@requirements.0' key='test run status' value='true'/>
<eObjectEntry  timestamp='1362506069623' resUri='platform:/resource/ovinger/jex/ov6.jex' fragmentId='//@requirements.0/@requirements.1/@requirements.1' key='test run status' value='true'/>
<eObjectEntry  timestamp='1362506069624' resUri='platform:/resource/ovinger/jex/ov6.jex' fragmentId='//@requirements.0/@requirements.1/@requirements.2' key='test run status' value='true'/>
<eObjectEntry  timestamp='1362506069627' resUri='platform:/resource/ovinger/jex/ov6.jex' fragmentId='//@requirements.0/@requirements.1/@requirements.3' key='test run status' value='false'/>
<eObjectEntry  timestamp='1362506069628' resUri='platform:/resource/ovinger/jex/ov6.jex' fragmentId='//@requirements.1/@requirements.2' key='test run status' value='false'/>
<eObjectEntry  timestamp='1362506069629' resUri='platform:/resource/ovinger/jex/ov6.jex' fragmentId='//@requirements.1/@requirements.2/@requirements.0' key='test run status' value='false'/>
<eObjectEntry  timestamp='1362506069630' resUri='platform:/resource/ovinger/jex/ov6.jex' fragmentId='//@requirements.1/@requirements.2/@requirements.1' key='test run status' value='false'/>
<eObjectEntry  timestamp='1362506069631' resUri='platform:/resource/ovinger/jex/ov6.jex' fragmentId='//@requirements.1/@requirements.2/@requirements.2' key='test run status' value='false'/>
<eObjectEntry  timestamp='1362506069632' resUri='platform:/resource/ovinger/jex/ov6.jex' fragmentId='//@requirements.1/@requirements.2/@requirements.3' key='test run status' value='false'/>
<eObjectEntry  timestamp='1362506069633' resUri='platform:/resource/ovinger/jex/ov6.jex' fragmentId='//@requirements.1/@requirements.2/@requirements.4' key='test run status' value='false'/>
<eObjectEntry  timestamp='1362506069634' resUri='platform:/resource/ovinger/jex/ov6.jex' fragmentId='//@requirements.1/@requirements.4' key='test run status' value='false'/>
<eObjectEntry  timestamp='1362506069635' resUri='platform:/resource/ovinger/jex/ov6.jex' fragmentId='//@requirements.1/@requirements.4/@requirements.0' key='test run status' value='false'/>
<eObjectEntry  timestamp='1362506069636' resUri='platform:/resource/ovinger/jex/ov6.jex' fragmentId='//@requirements.1/@requirements.4/@requirements.1' key='test run status' value='false'/>
<eObjectEntry  timestamp='1362506069637' resUri='platform:/resource/ovinger/jex/ov6.jex' fragmentId='//@requirements.1/@requirements.4/@requirements.2' key='test run status' value='false'/>
<eObjectEntry  timestamp='1362506069638' resUri='platform:/resource/ovinger/jex/ov6.jex' fragmentId='//@requirements.1/@requirements.4/@requirements.3' key='test run status' value='false'/>
<eObjectEntry  timestamp='1362506069651' resUri='platform:/resource/ovinger/jex/ov6.jex' fragmentId='//@requirements.1/@requirements.4/@requirements.4' key='test run status' value='false'/>
<eObjectEntry  timestamp='1362506069652' resUri='platform:/resource/ovinger/jex/ov6.jex' fragmentId='//@requirements.1/@requirements.4/@requirements.5' key='test run status' value='false'/>
<eObjectEntry  timestamp='1362506069653' resUri='platform:/resource/ovinger/jex/ov6.jex' fragmentId='//@requirements.1/@requirements.6' key='test run status' value='false'/>
<eObjectEntry  timestamp='1362506069654' resUri='platform:/resource/ovinger/jex/ov6.jex' fragmentId='//@requirements.1/@requirements.6/@requirements.0' key='test run status' value='false'/>
<eObjectEntry  timestamp='1362506069655' resUri='platform:/resource/ovinger/jex/ov6.jex' fragmentId='//@requirements.1/@requirements.6/@requirements.1' key='test run status' value='false'/>
<eObjectEntry  timestamp='1362506069656' resUri='platform:/resource/ovinger/jex/ov6.jex' fragmentId='//@requirements.1/@requirements.6/@requirements.2' key='test run status' value='false'/>
<eObjectEntry  timestamp='1362506069657' resUri='platform:/resource/ovinger/jex/ov6.jex' fragmentId='//@requirements.1/@requirements.6/@requirements.3' key='test run status' value='false'/>
<eObjectEntry  timestamp='1362506135621' resUri='platform:/resource/ovinger/jex/ov6.jex' fragmentId='//@javaElements.0/@classes.9' key='junit test launch' value='AllTests'/>
<eObjectEntry  timestamp='1362506136292' resUri='platform:/resource/ovinger/jex/ov6.jex' fragmentId='//@requirements.0/@requirements.1' key='test run status' value='false'/>
<eObjectEntry  timestamp='1362506136300' resUri='platform:/resource/ovinger/jex/ov6.jex' fragmentId='//@requirements.0/@requirements.1/@requirements.0' key='test run status' value='true'/>
<eObjectEntry  timestamp='1362506136301' resUri='platform:/resource/ovinger/jex/ov6.jex' fragmentId='//@requirements.0/@requirements.1/@requirements.1' key='test run status' value='true'/>
<eObjectEntry  timestamp='1362506136301' resUri='platform:/resource/ovinger/jex/ov6.jex' fragmentId='//@requirements.0/@requirements.1/@requirements.2' key='test run status' value='true'/>
<eObjectEntry  timestamp='1362506136302' resUri='platform:/resource/ovinger/jex/ov6.jex' fragmentId='//@requirements.0/@requirements.1/@requirements.3' key='test run status' value='false'/>
<eObjectEntry  timestamp='1362506136303' resUri='platform:/resource/ovinger/jex/ov6.jex' fragmentId='//@requirements.1/@requirements.2' key='test run status' value='false'/>
<eObjectEntry  timestamp='1362506136305' resUri='platform:/resource/ovinger/jex/ov6.jex' fragmentId='//@requirements.1/@requirements.2/@requirements.0' key='test run status' value='false'/>
<eObjectEntry  timestamp='1362506136306' resUri='platform:/resource/ovinger/jex/ov6.jex' fragmentId='//@requirements.1/@requirements.2/@requirements.1' key='test run status' value='false'/>
<eObjectEntry  timestamp='1362506136307' resUri='platform:/resource/ovinger/jex/ov6.jex' fragmentId='//@requirements.1/@requirements.2/@requirements.2' key='test run status' value='false'/>
<eObjectEntry  timestamp='1362506136308' resUri='platform:/resource/ovinger/jex/ov6.jex' fragmentId='//@requirements.1/@requirements.2/@requirements.3' key='test run status' value='false'/>
<eObjectEntry  timestamp='1362506136309' resUri='platform:/resource/ovinger/jex/ov6.jex' fragmentId='//@requirements.1/@requirements.2/@requirements.4' key='test run status' value='false'/>
<eObjectEntry  timestamp='1362506136310' resUri='platform:/resource/ovinger/jex/ov6.jex' fragmentId='//@requirements.1/@requirements.4' key='test run status' value='false'/>
<eObjectEntry  timestamp='1362506136311' resUri='platform:/resource/ovinger/jex/ov6.jex' fragmentId='//@requirements.1/@requirements.4/@requirements.0' key='test run status' value='false'/>
<eObjectEntry  timestamp='1362506136311' resUri='platform:/resource/ovinger/jex/ov6.jex' fragmentId='//@requirements.1/@requirements.4/@requirements.1' key='test run status' value='false'/>
<eObjectEntry  timestamp='1362506136313' resUri='platform:/resource/ovinger/jex/ov6.jex' fragmentId='//@requirements.1/@requirements.4/@requirements.2' key='test run status' value='false'/>
<eObjectEntry  timestamp='1362506136314' resUri='platform:/resource/ovinger/jex/ov6.jex' fragmentId='//@requirements.1/@requirements.4/@requirements.3' key='test run status' value='false'/>
<eObjectEntry  timestamp='1362506136315' resUri='platform:/resource/ovinger/jex/ov6.jex' fragmentId='//@requirements.1/@requirements.4/@requirements.4' key='test run status' value='false'/>
<eObjectEntry  timestamp='1362506136316' resUri='platform:/resource/ovinger/jex/ov6.jex' fragmentId='//@requirements.1/@requirements.4/@requirements.5' key='test run status' value='false'/>
<eObjectEntry  timestamp='1362506136317' resUri='platform:/resource/ovinger/jex/ov6.jex' fragmentId='//@requirements.1/@requirements.6' key='test run status' value='false'/>
<eObjectEntry  timestamp='1362506136318' resUri='platform:/resource/ovinger/jex/ov6.jex' fragmentId='//@requirements.1/@requirements.6/@requirements.0' key='test run status' value='false'/>
<eObjectEntry  timestamp='1362506136319' resUri='platform:/resource/ovinger/jex/ov6.jex' fragmentId='//@requirements.1/@requirements.6/@requirements.1' key='test run status' value='false'/>
<eObjectEntry  timestamp='1362506136320' resUri='platform:/resource/ovinger/jex/ov6.jex' fragmentId='//@requirements.1/@requirements.6/@requirements.2' key='test run status' value='false'/>
<eObjectEntry  timestamp='1362506136321' resUri='platform:/resource/ovinger/jex/ov6.jex' fragmentId='//@requirements.1/@requirements.6/@requirements.3' key='test run status' value='false'/>
<eObjectEntry  timestamp='1362506157025' resUri='platform:/resource/ovinger/jex/ov6.jex' fragmentId='//@javaElements.0/@classes.9' key='junit test launch' value='AllTests'/>
<eObjectEntry  timestamp='1362506157658' resUri='platform:/resource/ovinger/jex/ov6.jex' fragmentId='//@requirements.0/@requirements.1' key='test run status' value='true'/>
<eObjectEntry  timestamp='1362506157660' resUri='platform:/resource/ovinger/jex/ov6.jex' fragmentId='//@requirements.0/@requirements.1/@requirements.0' key='test run status' value='true'/>
<eObjectEntry  timestamp='1362506157661' resUri='platform:/resource/ovinger/jex/ov6.jex' fragmentId='//@requirements.0/@requirements.1/@requirements.1' key='test run status' value='true'/>
<eObjectEntry  timestamp='1362506157663' resUri='platform:/resource/ovinger/jex/ov6.jex' fragmentId='//@requirements.0/@requirements.1/@requirements.2' key='test run status' value='true'/>
<eObjectEntry  timestamp='1362506157664' resUri='platform:/resource/ovinger/jex/ov6.jex' fragmentId='//@requirements.0/@requirements.1/@requirements.3' key='test run status' value='true'/>
<eObjectEntry  timestamp='1362506157666' resUri='platform:/resource/ovinger/jex/ov6.jex' fragmentId='//@requirements.1/@requirements.2' key='test run status' value='false'/>
<eObjectEntry  timestamp='1362506157667' resUri='platform:/resource/ovinger/jex/ov6.jex' fragmentId='//@requirements.1/@requirements.2/@requirements.0' key='test run status' value='false'/>
<eObjectEntry  timestamp='1362506157672' resUri='platform:/resource/ovinger/jex/ov6.jex' fragmentId='//@requirements.1/@requirements.2/@requirements.1' key='test run status' value='false'/>
<eObjectEntry  timestamp='1362506157682' resUri='platform:/resource/ovinger/jex/ov6.jex' fragmentId='//@requirements.1/@requirements.2/@requirements.2' key='test run status' value='false'/>
<eObjectEntry  timestamp='1362506157693' resUri='platform:/resource/ovinger/jex/ov6.jex' fragmentId='//@requirements.1/@requirements.2/@requirements.3' key='test run status' value='false'/>
<eObjectEntry  timestamp='1362506157694' resUri='platform:/resource/ovinger/jex/ov6.jex' fragmentId='//@requirements.1/@requirements.2/@requirements.4' key='test run status' value='false'/>
<eObjectEntry  timestamp='1362506157699' resUri='platform:/resource/ovinger/jex/ov6.jex' fragmentId='//@requirements.1/@requirements.4' key='test run status' value='false'/>
<eObjectEntry  timestamp='1362506157700' resUri='platform:/resource/ovinger/jex/ov6.jex' fragmentId='//@requirements.1/@requirements.4/@requirements.0' key='test run status' value='false'/>
<eObjectEntry  timestamp='1362506157701' resUri='platform:/resource/ovinger/jex/ov6.jex' fragmentId='//@requirements.1/@requirements.4/@requirements.1' key='test run status' value='false'/>
<eObjectEntry  timestamp='1362506157702' resUri='platform:/resource/ovinger/jex/ov6.jex' fragmentId='//@requirements.1/@requirements.4/@requirements.2' key='test run status' value='false'/>
<eObjectEntry  timestamp='1362506157703' resUri='platform:/resource/ovinger/jex/ov6.jex' fragmentId='//@requirements.1/@requirements.4/@requirements.3' key='test run status' value='false'/>
<eObjectEntry  timestamp='1362506157704' resUri='platform:/resource/ovinger/jex/ov6.jex' fragmentId='//@requirements.1/@requirements.4/@requirements.4' key='test run status' value='false'/>
<eObjectEntry  timestamp='1362506157704' resUri='platform:/resource/ovinger/jex/ov6.jex' fragmentId='//@requirements.1/@requirements.4/@requirements.5' key='test run status' value='false'/>
<eObjectEntry  timestamp='1362506157705' resUri='platform:/resource/ovinger/jex/ov6.jex' fragmentId='//@requirements.1/@requirements.6' key='test run status' value='false'/>
<eObjectEntry  timestamp='1362506157706' resUri='platform:/resource/ovinger/jex/ov6.jex' fragmentId='//@requirements.1/@requirements.6/@requirements.0' key='test run status' value='false'/>
<eObjectEntry  timestamp='1362506157707' resUri='platform:/resource/ovinger/jex/ov6.jex' fragmentId='//@requirements.1/@requirements.6/@requirements.1' key='test run status' value='false'/>
<eObjectEntry  timestamp='1362506157708' resUri='platform:/resource/ovinger/jex/ov6.jex' fragmentId='//@requirements.1/@requirements.6/@requirements.2' key='test run status' value='false'/>
<eObjectEntry  timestamp='1362506157709' resUri='platform:/resource/ovinger/jex/ov6.jex' fragmentId='//@requirements.1/@requirements.6/@requirements.3' key='test run status' value='false'/>
<eResourceEntry  timestamp='1362584596904' resUri='platform:/resource/ovinger/jex/ov6.jex' key='resource selected' value='null'/>
<eObjectEntry  timestamp='1362584597885' resUri='platform:/resource/ovinger/jex/ov6.jex' fragmentId='//@javaElements.0/@classes.9' key='junit test launch' value='AllTests'/>
<eObjectEntry  timestamp='1362584599577' resUri='platform:/resource/ovinger/jex/ov6.jex' fragmentId='//@requirements.0/@requirements.1' key='test run status' value='true'/>
<eObjectEntry  timestamp='1362584599579' resUri='platform:/resource/ovinger/jex/ov6.jex' fragmentId='//@requirements.0/@requirements.1/@requirements.0' key='test run status' value='true'/>
<eObjectEntry  timestamp='1362584599582' resUri='platform:/resource/ovinger/jex/ov6.jex' fragmentId='//@requirements.0/@requirements.1/@requirements.1' key='test run status' value='true'/>
<eObjectEntry  timestamp='1362584599584' resUri='platform:/resource/ovinger/jex/ov6.jex' fragmentId='//@requirements.0/@requirements.1/@requirements.2' key='test run status' value='true'/>
<eObjectEntry  timestamp='1362584599586' resUri='platform:/resource/ovinger/jex/ov6.jex' fragmentId='//@requirements.0/@requirements.1/@requirements.3' key='test run status' value='true'/>
<eObjectEntry  timestamp='1362584599594' resUri='platform:/resource/ovinger/jex/ov6.jex' fragmentId='//@requirements.1/@requirements.2' key='test run status' value='false'/>
<eObjectEntry  timestamp='1362584599597' resUri='platform:/resource/ovinger/jex/ov6.jex' fragmentId='//@requirements.1/@requirements.2/@requirements.0' key='test run status' value='false'/>
<eObjectEntry  timestamp='1362584599599' resUri='platform:/resource/ovinger/jex/ov6.jex' fragmentId='//@requirements.1/@requirements.2/@requirements.1' key='test run status' value='false'/>
<eObjectEntry  timestamp='1362584599610' resUri='platform:/resource/ovinger/jex/ov6.jex' fragmentId='//@requirements.1/@requirements.2/@requirements.2' key='test run status' value='false'/>
<eObjectEntry  timestamp='1362584599632' resUri='platform:/resource/ovinger/jex/ov6.jex' fragmentId='//@requirements.1/@requirements.2/@requirements.3' key='test run status' value='false'/>
<eObjectEntry  timestamp='1362584599660' resUri='platform:/resource/ovinger/jex/ov6.jex' fragmentId='//@requirements.1/@requirements.2/@requirements.4' key='test run status' value='false'/>
<eObjectEntry  timestamp='1362584599663' resUri='platform:/resource/ovinger/jex/ov6.jex' fragmentId='//@requirements.1/@requirements.4' key='test run status' value='false'/>
<eObjectEntry  timestamp='1362584599666' resUri='platform:/resource/ovinger/jex/ov6.jex' fragmentId='//@requirements.1/@requirements.4/@requirements.0' key='test run status' value='false'/>
<eObjectEntry  timestamp='1362584599669' resUri='platform:/resource/ovinger/jex/ov6.jex' fragmentId='//@requirements.1/@requirements.4/@requirements.1' key='test run status' value='false'/>
<eObjectEntry  timestamp='1362584599671' resUri='platform:/resource/ovinger/jex/ov6.jex' fragmentId='//@requirements.1/@requirements.4/@requirements.2' key='test run status' value='false'/>
<eObjectEntry  timestamp='1362584599686' resUri='platform:/resource/ovinger/jex/ov6.jex' fragmentId='//@requirements.1/@requirements.4/@requirements.3' key='test run status' value='false'/>
<eObjectEntry  timestamp='1362584599692' resUri='platform:/resource/ovinger/jex/ov6.jex' fragmentId='//@requirements.1/@requirements.4/@requirements.4' key='test run status' value='false'/>
<eObjectEntry  timestamp='1362584599696' resUri='platform:/resource/ovinger/jex/ov6.jex' fragmentId='//@requirements.1/@requirements.4/@requirements.5' key='test run status' value='false'/>
<eObjectEntry  timestamp='1362584599702' resUri='platform:/resource/ovinger/jex/ov6.jex' fragmentId='//@requirements.1/@requirements.6' key='test run status' value='false'/>
<eObjectEntry  timestamp='1362584599704' resUri='platform:/resource/ovinger/jex/ov6.jex' fragmentId='//@requirements.1/@requirements.6/@requirements.0' key='test run status' value='false'/>
<eObjectEntry  timestamp='1362584599707' resUri='platform:/resource/ovinger/jex/ov6.jex' fragmentId='//@requirements.1/@requirements.6/@requirements.1' key='test run status' value='false'/>
<eObjectEntry  timestamp='1362584599709' resUri='platform:/resource/ovinger/jex/ov6.jex' fragmentId='//@requirements.1/@requirements.6/@requirements.2' key='test run status' value='false'/>
<eObjectEntry  timestamp='1362584599712' resUri='platform:/resource/ovinger/jex/ov6.jex' fragmentId='//@requirements.1/@requirements.6/@requirements.3' key='test run status' value='false'/>
<eObjectEntry  timestamp='1362585071038' resUri='platform:/resource/ovinger/jex/ov6.jex' fragmentId='//@javaElements.0/@classes.9' key='junit test launch' value='AllTests'/>
<eObjectEntry  timestamp='1362585071728' resUri='platform:/resource/ovinger/jex/ov6.jex' fragmentId='//@requirements.0/@requirements.1' key='test run status' value='true'/>
<eObjectEntry  timestamp='1362585071734' resUri='platform:/resource/ovinger/jex/ov6.jex' fragmentId='//@requirements.0/@requirements.1/@requirements.0' key='test run status' value='true'/>
<eObjectEntry  timestamp='1362585071736' resUri='platform:/resource/ovinger/jex/ov6.jex' fragmentId='//@requirements.0/@requirements.1/@requirements.1' key='test run status' value='true'/>
<eObjectEntry  timestamp='1362585071744' resUri='platform:/resource/ovinger/jex/ov6.jex' fragmentId='//@requirements.0/@requirements.1/@requirements.2' key='test run status' value='true'/>
<eObjectEntry  timestamp='1362585071746' resUri='platform:/resource/ovinger/jex/ov6.jex' fragmentId='//@requirements.0/@requirements.1/@requirements.3' key='test run status' value='true'/>
<eObjectEntry  timestamp='1362585071748' resUri='platform:/resource/ovinger/jex/ov6.jex' fragmentId='//@requirements.1/@requirements.2' key='test run status' value='false'/>
<eObjectEntry  timestamp='1362585071750' resUri='platform:/resource/ovinger/jex/ov6.jex' fragmentId='//@requirements.1/@requirements.2/@requirements.0' key='test run status' value='true'/>
<eObjectEntry  timestamp='1362585071752' resUri='platform:/resource/ovinger/jex/ov6.jex' fragmentId='//@requirements.1/@requirements.2/@requirements.1' key='test run status' value='true'/>
<eObjectEntry  timestamp='1362585071754' resUri='platform:/resource/ovinger/jex/ov6.jex' fragmentId='//@requirements.1/@requirements.2/@requirements.2' key='test run status' value='true'/>
<eObjectEntry  timestamp='1362585071756' resUri='platform:/resource/ovinger/jex/ov6.jex' fragmentId='//@requirements.1/@requirements.2/@requirements.3' key='test run status' value='false'/>
<eObjectEntry  timestamp='1362585071758' resUri='platform:/resource/ovinger/jex/ov6.jex' fragmentId='//@requirements.1/@requirements.2/@requirements.4' key='test run status' value='true'/>
<eObjectEntry  timestamp='1362585071761' resUri='platform:/resource/ovinger/jex/ov6.jex' fragmentId='//@requirements.1/@requirements.4' key='test run status' value='false'/>
<eObjectEntry  timestamp='1362585071775' resUri='platform:/resource/ovinger/jex/ov6.jex' fragmentId='//@requirements.1/@requirements.4/@requirements.0' key='test run status' value='false'/>
<eObjectEntry  timestamp='1362585071796' resUri='platform:/resource/ovinger/jex/ov6.jex' fragmentId='//@requirements.1/@requirements.4/@requirements.1' key='test run status' value='false'/>
<eObjectEntry  timestamp='1362585071816' resUri='platform:/resource/ovinger/jex/ov6.jex' fragmentId='//@requirements.1/@requirements.4/@requirements.2' key='test run status' value='false'/>
<eObjectEntry  timestamp='1362585071817' resUri='platform:/resource/ovinger/jex/ov6.jex' fragmentId='//@requirements.1/@requirements.4/@requirements.3' key='test run status' value='false'/>
<eObjectEntry  timestamp='1362585071818' resUri='platform:/resource/ovinger/jex/ov6.jex' fragmentId='//@requirements.1/@requirements.4/@requirements.4' key='test run status' value='false'/>
<eObjectEntry  timestamp='1362585071820' resUri='platform:/resource/ovinger/jex/ov6.jex' fragmentId='//@requirements.1/@requirements.4/@requirements.5' key='test run status' value='false'/>
<eObjectEntry  timestamp='1362585071821' resUri='platform:/resource/ovinger/jex/ov6.jex' fragmentId='//@requirements.1/@requirements.6' key='test run status' value='false'/>
<eObjectEntry  timestamp='1362585071822' resUri='platform:/resource/ovinger/jex/ov6.jex' fragmentId='//@requirements.1/@requirements.6/@requirements.0' key='test run status' value='false'/>
<eObjectEntry  timestamp='1362585071823' resUri='platform:/resource/ovinger/jex/ov6.jex' fragmentId='//@requirements.1/@requirements.6/@requirements.1' key='test run status' value='false'/>
<eObjectEntry  timestamp='1362585071825' resUri='platform:/resource/ovinger/jex/ov6.jex' fragmentId='//@requirements.1/@requirements.6/@requirements.2' key='test run status' value='false'/>
<eObjectEntry  timestamp='1362585071830' resUri='platform:/resource/ovinger/jex/ov6.jex' fragmentId='//@requirements.1/@requirements.6/@requirements.3' key='test run status' value='false'/>
<eObjectEntry  timestamp='1362585203921' resUri='platform:/resource/ovinger/jex/ov6.jex' fragmentId='//@javaElements.0/@classes.9' key='junit test launch' value='AllTests'/>
<eObjectEntry  timestamp='1362585204594' resUri='platform:/resource/ovinger/jex/ov6.jex' fragmentId='//@requirements.0/@requirements.1' key='test run status' value='true'/>
<eObjectEntry  timestamp='1362585204595' resUri='platform:/resource/ovinger/jex/ov6.jex' fragmentId='//@requirements.0/@requirements.1/@requirements.0' key='test run status' value='true'/>
<eObjectEntry  timestamp='1362585204597' resUri='platform:/resource/ovinger/jex/ov6.jex' fragmentId='//@requirements.0/@requirements.1/@requirements.1' key='test run status' value='true'/>
<eObjectEntry  timestamp='1362585204599' resUri='platform:/resource/ovinger/jex/ov6.jex' fragmentId='//@requirements.0/@requirements.1/@requirements.2' key='test run status' value='true'/>
<eObjectEntry  timestamp='1362585204600' resUri='platform:/resource/ovinger/jex/ov6.jex' fragmentId='//@requirements.0/@requirements.1/@requirements.3' key='test run status' value='true'/>
<eObjectEntry  timestamp='1362585204602' resUri='platform:/resource/ovinger/jex/ov6.jex' fragmentId='//@requirements.1/@requirements.2' key='test run status' value='true'/>
<eObjectEntry  timestamp='1362585204604' resUri='platform:/resource/ovinger/jex/ov6.jex' fragmentId='//@requirements.1/@requirements.2/@requirements.0' key='test run status' value='true'/>
<eObjectEntry  timestamp='1362585204607' resUri='platform:/resource/ovinger/jex/ov6.jex' fragmentId='//@requirements.1/@requirements.2/@requirements.1' key='test run status' value='true'/>
<eObjectEntry  timestamp='1362585204610' resUri='platform:/resource/ovinger/jex/ov6.jex' fragmentId='//@requirements.1/@requirements.2/@requirements.2' key='test run status' value='true'/>
<eObjectEntry  timestamp='1362585204612' resUri='platform:/resource/ovinger/jex/ov6.jex' fragmentId='//@requirements.1/@requirements.2/@requirements.3' key='test run status' value='true'/>
<eObjectEntry  timestamp='1362585204615' resUri='platform:/resource/ovinger/jex/ov6.jex' fragmentId='//@requirements.1/@requirements.2/@requirements.4' key='test run status' value='true'/>
<eObjectEntry  timestamp='1362585204618' resUri='platform:/resource/ovinger/jex/ov6.jex' fragmentId='//@requirements.1/@requirements.4' key='test run status' value='false'/>
<eObjectEntry  timestamp='1362585204624' resUri='platform:/resource/ovinger/jex/ov6.jex' fragmentId='//@requirements.1/@requirements.4/@requirements.0' key='test run status' value='false'/>
<eObjectEntry  timestamp='1362585204649' resUri='platform:/resource/ovinger/jex/ov6.jex' fragmentId='//@requirements.1/@requirements.4/@requirements.1' key='test run status' value='false'/>
<eObjectEntry  timestamp='1362585204658' resUri='platform:/resource/ovinger/jex/ov6.jex' fragmentId='//@requirements.1/@requirements.4/@requirements.2' key='test run status' value='false'/>
<eObjectEntry  timestamp='1362585204660' resUri='platform:/resource/ovinger/jex/ov6.jex' fragmentId='//@requirements.1/@requirements.4/@requirements.3' key='test run status' value='false'/>
<eObjectEntry  timestamp='1362585204662' resUri='platform:/resource/ovinger/jex/ov6.jex' fragmentId='//@requirements.1/@requirements.4/@requirements.4' key='test run status' value='false'/>
<eObjectEntry  timestamp='1362585204665' resUri='platform:/resource/ovinger/jex/ov6.jex' fragmentId='//@requirements.1/@requirements.4/@requirements.5' key='test run status' value='false'/>
<eObjectEntry  timestamp='1362585204667' resUri='platform:/resource/ovinger/jex/ov6.jex' fragmentId='//@requirements.1/@requirements.6' key='test run status' value='false'/>
<eObjectEntry  timestamp='1362585204670' resUri='platform:/resource/ovinger/jex/ov6.jex' fragmentId='//@requirements.1/@requirements.6/@requirements.0' key='test run status' value='false'/>
<eObjectEntry  timestamp='1362585204672' resUri='platform:/resource/ovinger/jex/ov6.jex' fragmentId='//@requirements.1/@requirements.6/@requirements.1' key='test run status' value='false'/>
<eObjectEntry  timestamp='1362585204673' resUri='platform:/resource/ovinger/jex/ov6.jex' fragmentId='//@requirements.1/@requirements.6/@requirements.2' key='test run status' value='false'/>
<eObjectEntry  timestamp='1362585204675' resUri='platform:/resource/ovinger/jex/ov6.jex' fragmentId='//@requirements.1/@requirements.6/@requirements.3' key='test run status' value='false'/>
<eObjectEntry  timestamp='1362585477446' resUri='platform:/resource/ovinger/jex/ov6.jex' fragmentId='//@javaElements.0/@classes.9' key='junit test launch' value='AllTests'/>
<eObjectEntry  timestamp='1362585478163' resUri='platform:/resource/ovinger/jex/ov6.jex' fragmentId='//@requirements.0/@requirements.1' key='test run status' value='true'/>
<eObjectEntry  timestamp='1362585478166' resUri='platform:/resource/ovinger/jex/ov6.jex' fragmentId='//@requirements.0/@requirements.1/@requirements.0' key='test run status' value='true'/>
<eObjectEntry  timestamp='1362585478170' resUri='platform:/resource/ovinger/jex/ov6.jex' fragmentId='//@requirements.0/@requirements.1/@requirements.1' key='test run status' value='true'/>
<eObjectEntry  timestamp='1362585478173' resUri='platform:/resource/ovinger/jex/ov6.jex' fragmentId='//@requirements.0/@requirements.1/@requirements.2' key='test run status' value='true'/>
<eObjectEntry  timestamp='1362585478176' resUri='platform:/resource/ovinger/jex/ov6.jex' fragmentId='//@requirements.0/@requirements.1/@requirements.3' key='test run status' value='true'/>
<eObjectEntry  timestamp='1362585478179' resUri='platform:/resource/ovinger/jex/ov6.jex' fragmentId='//@requirements.1/@requirements.2' key='test run status' value='true'/>
<eObjectEntry  timestamp='1362585478182' resUri='platform:/resource/ovinger/jex/ov6.jex' fragmentId='//@requirements.1/@requirements.2/@requirements.0' key='test run status' value='true'/>
<eObjectEntry  timestamp='1362585478198' resUri='platform:/resource/ovinger/jex/ov6.jex' fragmentId='//@requirements.1/@requirements.2/@requirements.1' key='test run status' value='true'/>
<eObjectEntry  timestamp='1362585478201' resUri='platform:/resource/ovinger/jex/ov6.jex' fragmentId='//@requirements.1/@requirements.2/@requirements.2' key='test run status' value='true'/>
<eObjectEntry  timestamp='1362585478204' resUri='platform:/resource/ovinger/jex/ov6.jex' fragmentId='//@requirements.1/@requirements.2/@requirements.3' key='test run status' value='true'/>
<eObjectEntry  timestamp='1362585478208' resUri='platform:/resource/ovinger/jex/ov6.jex' fragmentId='//@requirements.1/@requirements.2/@requirements.4' key='test run status' value='true'/>
<eObjectEntry  timestamp='1362585478211' resUri='platform:/resource/ovinger/jex/ov6.jex' fragmentId='//@requirements.1/@requirements.4' key='test run status' value='true'/>
<eObjectEntry  timestamp='1362585478215' resUri='platform:/resource/ovinger/jex/ov6.jex' fragmentId='//@requirements.1/@requirements.4/@requirements.0' key='test run status' value='true'/>
<eObjectEntry  timestamp='1362585478218' resUri='platform:/resource/ovinger/jex/ov6.jex' fragmentId='//@requirements.1/@requirements.4/@requirements.1' key='test run status' value='true'/>
<eObjectEntry  timestamp='1362585478222' resUri='platform:/resource/ovinger/jex/ov6.jex' fragmentId='//@requirements.1/@requirements.4/@requirements.2' key='test run status' value='true'/>
<eObjectEntry  timestamp='1362585478226' resUri='platform:/resource/ovinger/jex/ov6.jex' fragmentId='//@requirements.1/@requirements.4/@requirements.3' key='test run status' value='true'/>
<eObjectEntry  timestamp='1362585478250' resUri='platform:/resource/ovinger/jex/ov6.jex' fragmentId='//@requirements.1/@requirements.4/@requirements.4' key='test run status' value='true'/>
<eObjectEntry  timestamp='1362585478253' resUri='platform:/resource/ovinger/jex/ov6.jex' fragmentId='//@requirements.1/@requirements.4/@requirements.5' key='test run status' value='true'/>
<eObjectEntry  timestamp='1362585478256' resUri='platform:/resource/ovinger/jex/ov6.jex' fragmentId='//@requirements.1/@requirements.6' key='test run status' value='false'/>
<eObjectEntry  timestamp='1362585478258' resUri='platform:/resource/ovinger/jex/ov6.jex' fragmentId='//@requirements.1/@requirements.6/@requirements.0' key='test run status' value='false'/>
<eObjectEntry  timestamp='1362585478260' resUri='platform:/resource/ovinger/jex/ov6.jex' fragmentId='//@requirements.1/@requirements.6/@requirements.1' key='test run status' value='false'/>
<eObjectEntry  timestamp='1362585478262' resUri='platform:/resource/ovinger/jex/ov6.jex' fragmentId='//@requirements.1/@requirements.6/@requirements.2' key='test run status' value='false'/>
<eObjectEntry  timestamp='1362585478264' resUri='platform:/resource/ovinger/jex/ov6.jex' fragmentId='//@requirements.1/@requirements.6/@requirements.3' key='test run status' value='false'/>
<eObjectEntry  timestamp='1362586129629' resUri='platform:/resource/ovinger/jex/ov6.jex' fragmentId='//@javaElements.0/@classes.9' key='junit test launch' value='AllTests'/>
<eObjectEntry  timestamp='1362586130383' resUri='platform:/resource/ovinger/jex/ov6.jex' fragmentId='//@requirements.0/@requirements.1' key='test run status' value='true'/>
<eObjectEntry  timestamp='1362586130387' resUri='platform:/resource/ovinger/jex/ov6.jex' fragmentId='//@requirements.0/@requirements.1/@requirements.0' key='test run status' value='true'/>
<eObjectEntry  timestamp='1362586130393' resUri='platform:/resource/ovinger/jex/ov6.jex' fragmentId='//@requirements.0/@requirements.1/@requirements.1' key='test run status' value='true'/>
<eObjectEntry  timestamp='1362586130398' resUri='platform:/resource/ovinger/jex/ov6.jex' fragmentId='//@requirements.0/@requirements.1/@requirements.2' key='test run status' value='true'/>
<eObjectEntry  timestamp='1362586130416' resUri='platform:/resource/ovinger/jex/ov6.jex' fragmentId='//@requirements.0/@requirements.1/@requirements.3' key='test run status' value='true'/>
<eObjectEntry  timestamp='1362586130446' resUri='platform:/resource/ovinger/jex/ov6.jex' fragmentId='//@requirements.1/@requirements.2' key='test run status' value='true'/>
<eObjectEntry  timestamp='1362586130468' resUri='platform:/resource/ovinger/jex/ov6.jex' fragmentId='//@requirements.1/@requirements.2/@requirements.0' key='test run status' value='true'/>
<eObjectEntry  timestamp='1362586130472' resUri='platform:/resource/ovinger/jex/ov6.jex' fragmentId='//@requirements.1/@requirements.2/@requirements.1' key='test run status' value='true'/>
<eObjectEntry  timestamp='1362586130477' resUri='platform:/resource/ovinger/jex/ov6.jex' fragmentId='//@requirements.1/@requirements.2/@requirements.2' key='test run status' value='true'/>
<eObjectEntry  timestamp='1362586130482' resUri='platform:/resource/ovinger/jex/ov6.jex' fragmentId='//@requirements.1/@requirements.2/@requirements.3' key='test run status' value='true'/>
<eObjectEntry  timestamp='1362586130491' resUri='platform:/resource/ovinger/jex/ov6.jex' fragmentId='//@requirements.1/@requirements.2/@requirements.4' key='test run status' value='true'/>
<eObjectEntry  timestamp='1362586130496' resUri='platform:/resource/ovinger/jex/ov6.jex' fragmentId='//@requirements.1/@requirements.4' key='test run status' value='true'/>
<eObjectEntry  timestamp='1362586130516' resUri='platform:/resource/ovinger/jex/ov6.jex' fragmentId='//@requirements.1/@requirements.4/@requirements.0' key='test run status' value='true'/>
<eObjectEntry  timestamp='1362586130536' resUri='platform:/resource/ovinger/jex/ov6.jex' fragmentId='//@requirements.1/@requirements.4/@requirements.1' key='test run status' value='true'/>
<eObjectEntry  timestamp='1362586130555' resUri='platform:/resource/ovinger/jex/ov6.jex' fragmentId='//@requirements.1/@requirements.4/@requirements.2' key='test run status' value='true'/>
<eObjectEntry  timestamp='1362586130559' resUri='platform:/resource/ovinger/jex/ov6.jex' fragmentId='//@requirements.1/@requirements.4/@requirements.3' key='test run status' value='true'/>
<eObjectEntry  timestamp='1362586130562' resUri='platform:/resource/ovinger/jex/ov6.jex' fragmentId='//@requirements.1/@requirements.4/@requirements.4' key='test run status' value='true'/>
<eObjectEntry  timestamp='1362586130566' resUri='platform:/resource/ovinger/jex/ov6.jex' fragmentId='//@requirements.1/@requirements.4/@requirements.5' key='test run status' value='true'/>
<eObjectEntry  timestamp='1362586130570' resUri='platform:/resource/ovinger/jex/ov6.jex' fragmentId='//@requirements.1/@requirements.6' key='test run status' value='true'/>
<eObjectEntry  timestamp='1362586130573' resUri='platform:/resource/ovinger/jex/ov6.jex' fragmentId='//@requirements.1/@requirements.6/@requirements.0' key='test run status' value='true'/>
<eObjectEntry  timestamp='1362586130589' resUri='platform:/resource/ovinger/jex/ov6.jex' fragmentId='//@requirements.1/@requirements.6/@requirements.1' key='test run status' value='true'/>
<eObjectEntry  timestamp='1362586130604' resUri='platform:/resource/ovinger/jex/ov6.jex' fragmentId='//@requirements.1/@requirements.6/@requirements.2' key='test run status' value='true'/>
<eObjectEntry  timestamp='1362586130615' resUri='platform:/resource/ovinger/jex/ov6.jex' fragmentId='//@requirements.1/@requirements.6/@requirements.3' key='test run status' value='true'/>
<eObjectEntry  timestamp='1362586504841' resUri='platform:/resource/ovinger/jex/ov6.jex' fragmentId='//@javaElements.0/@classes.9' key='junit test launch' value='AllTests'/>
<eObjectEntry  timestamp='1362586505675' resUri='platform:/resource/ovinger/jex/ov6.jex' fragmentId='//@requirements.0/@requirements.1' key='test run status' value='true'/>
<eObjectEntry  timestamp='1362586505692' resUri='platform:/resource/ovinger/jex/ov6.jex' fragmentId='//@requirements.0/@requirements.1/@requirements.0' key='test run status' value='true'/>
<eObjectEntry  timestamp='1362586505708' resUri='platform:/resource/ovinger/jex/ov6.jex' fragmentId='//@requirements.0/@requirements.1/@requirements.1' key='test run status' value='true'/>
<eObjectEntry  timestamp='1362586505713' resUri='platform:/resource/ovinger/jex/ov6.jex' fragmentId='//@requirements.0/@requirements.1/@requirements.2' key='test run status' value='true'/>
<eObjectEntry  timestamp='1362586505718' resUri='platform:/resource/ovinger/jex/ov6.jex' fragmentId='//@requirements.0/@requirements.1/@requirements.3' key='test run status' value='true'/>
<eObjectEntry  timestamp='1362586505726' resUri='platform:/resource/ovinger/jex/ov6.jex' fragmentId='//@requirements.1/@requirements.2' key='test run status' value='true'/>
<eObjectEntry  timestamp='1362586505729' resUri='platform:/resource/ovinger/jex/ov6.jex' fragmentId='//@requirements.1/@requirements.2/@requirements.0' key='test run status' value='true'/>
<eObjectEntry  timestamp='1362586505732' resUri='platform:/resource/ovinger/jex/ov6.jex' fragmentId='//@requirements.1/@requirements.2/@requirements.1' key='test run status' value='true'/>
<eObjectEntry  timestamp='1362586505735' resUri='platform:/resource/ovinger/jex/ov6.jex' fragmentId='//@requirements.1/@requirements.2/@requirements.2' key='test run status' value='true'/>
<eObjectEntry  timestamp='1362586505752' resUri='platform:/resource/ovinger/jex/ov6.jex' fragmentId='//@requirements.1/@requirements.2/@requirements.3' key='test run status' value='true'/>
<eObjectEntry  timestamp='1362586505768' resUri='platform:/resource/ovinger/jex/ov6.jex' fragmentId='//@requirements.1/@requirements.2/@requirements.4' key='test run status' value='true'/>
<eObjectEntry  timestamp='1362586505783' resUri='platform:/resource/ovinger/jex/ov6.jex' fragmentId='//@requirements.1/@requirements.4' key='test run status' value='true'/>
<eObjectEntry  timestamp='1362586505797' resUri='platform:/resource/ovinger/jex/ov6.jex' fragmentId='//@requirements.1/@requirements.4/@requirements.0' key='test run status' value='true'/>
<eObjectEntry  timestamp='1362586505814' resUri='platform:/resource/ovinger/jex/ov6.jex' fragmentId='//@requirements.1/@requirements.4/@requirements.1' key='test run status' value='true'/>
<eObjectEntry  timestamp='1362586505827' resUri='platform:/resource/ovinger/jex/ov6.jex' fragmentId='//@requirements.1/@requirements.4/@requirements.2' key='test run status' value='true'/>
<eObjectEntry  timestamp='1362586505832' resUri='platform:/resource/ovinger/jex/ov6.jex' fragmentId='//@requirements.1/@requirements.4/@requirements.3' key='test run status' value='true'/>
<eObjectEntry  timestamp='1362586505837' resUri='platform:/resource/ovinger/jex/ov6.jex' fragmentId='//@requirements.1/@requirements.4/@requirements.4' key='test run status' value='true'/>
<eObjectEntry  timestamp='1362586505842' resUri='platform:/resource/ovinger/jex/ov6.jex' fragmentId='//@requirements.1/@requirements.4/@requirements.5' key='test run status' value='true'/>
<eObjectEntry  timestamp='1362586505847' resUri='platform:/resource/ovinger/jex/ov6.jex' fragmentId='//@requirements.1/@requirements.6' key='test run status' value='true'/>
<eObjectEntry  timestamp='1362586505864' resUri='platform:/resource/ovinger/jex/ov6.jex' fragmentId='//@requirements.1/@requirements.6/@requirements.0' key='test run status' value='true'/>
<eObjectEntry  timestamp='1362586505882' resUri='platform:/resource/ovinger/jex/ov6.jex' fragmentId='//@requirements.1/@requirements.6/@requirements.1' key='test run status' value='true'/>
<eObjectEntry  timestamp='1362586505899' resUri='platform:/resource/ovinger/jex/ov6.jex' fragmentId='//@requirements.1/@requirements.6/@requirements.2' key='test run status' value='true'/>
<eObjectEntry  timestamp='1362586505904' resUri='platform:/resource/ovinger/jex/ov6.jex' fragmentId='//@requirements.1/@requirements.6/@requirements.3' key='test run status' value='true'/>
